<?xml version="1.0" encoding="UTF-8"?>
<robot generator="Robot 7.4.1 (Python 3.13.11 on win32)" generated="2026-02-16T15:09:03.270807" rpa="false" schemaversion="5">
<suite id="s1" name="Verify Registration Form" source="E:\CEDT\SW Testing\practical-sw-testing\Week6_Robot\testcase\verify_registration_form.robot">
<test id="s1-t1" name="Verify registration form with all input field" line="9">
<kw name="Open Web Browser" owner="common_keywords">
<kw name="Open Browser" owner="SeleniumLibrary">
<msg time="2026-02-16T15:09:03.943205" level="INFO">Opening browser 'chrome' to base url 'https://panaryco.wixsite.com/myhotel?utm_source=chatgpt.com'.</msg>
<arg>${WEB_URL}</arg>
<arg>${WEB_BROWSER}</arg>
<doc>Opens a new browser instance to the optional ``url``.</doc>
<status status="PASS" start="2026-02-16T15:09:03.942869" elapsed="1.789881"/>
</kw>
<kw name="Maximize Browser Window" owner="SeleniumLibrary">
<doc>Maximizes current browser window.</doc>
<status status="PASS" start="2026-02-16T15:09:05.733204" elapsed="0.038556"/>
</kw>
<kw name="Sleep" owner="BuiltIn">
<msg time="2026-02-16T15:09:07.773493" level="INFO">Slept 2 seconds.</msg>
<arg>${OPEN_BROWSER_SLEEP}</arg>
<doc>Pauses the test executed for the given time.</doc>
<status status="PASS" start="2026-02-16T15:09:05.772199" elapsed="2.001512"/>
</kw>
<status status="PASS" start="2026-02-16T15:09:03.941840" elapsed="3.832066"/>
</kw>
<kw name="Scroll Down To Bottom" owner="common_keywords">
<kw name="Execute Javascript" owner="SeleniumLibrary">
<msg time="2026-02-16T15:09:07.776822" level="INFO">Executing JavaScript:
window.scrollTo(0, document.body.scrollHeight)
Without any arguments.</msg>
<arg>window.scrollTo(0, document.body.scrollHeight)</arg>
<doc>Executes the given JavaScript code with possible arguments.</doc>
<status status="PASS" start="2026-02-16T15:09:07.775709" elapsed="0.013601"/>
</kw>
<status status="PASS" start="2026-02-16T15:09:07.774740" elapsed="0.014800"/>
</kw>
<kw name="Input Valid Firstname" owner="common_keywords">
<kw name="Input Text" owner="SeleniumLibrary">
<msg time="2026-02-16T15:09:07.791304" level="INFO">Typing text 'First' into text field '//*[@id='input_comp-lt33fcq41']'.</msg>
<arg>//*[@id='input_comp-lt33fcq41']</arg>
<arg>${FIRSTNAME}</arg>
<doc>Types the given ``text`` into the text field identified by ``locator``.</doc>
<status status="PASS" start="2026-02-16T15:09:07.790672" elapsed="0.170150"/>
</kw>
<status status="PASS" start="2026-02-16T15:09:07.790126" elapsed="0.170952"/>
</kw>
<kw name="Verify Text Field Value" owner="common_keywords">
<kw name="Textfield Value Should Be" owner="SeleniumLibrary">
<msg time="2026-02-16T15:09:08.003965" level="INFO">Content of text field 'id=input_comp-lt33fcq41' is 'First'.</msg>
<arg>id=${field_id}</arg>
<arg>${expected_value}</arg>
<doc>Verifies text field ``locator`` has exactly text ``expected``.</doc>
<status status="PASS" start="2026-02-16T15:09:07.962459" elapsed="0.041686"/>
</kw>
<arg>input_comp-lt33fcq41</arg>
<arg>${FIRSTNAME}</arg>
<status status="PASS" start="2026-02-16T15:09:07.961732" elapsed="0.042609"/>
</kw>
<kw name="Input Valid Lastname" owner="common_keywords">
<kw name="Input Text" owner="SeleniumLibrary">
<msg time="2026-02-16T15:09:08.005861" level="INFO">Typing text 'Last' into text field '//*[@id="input_comp-lt33fcs1"]'.</msg>
<arg>//*[@id="input_comp-lt33fcs1"]</arg>
<arg>${LASTNAME}</arg>
<doc>Types the given ``text`` into the text field identified by ``locator``.</doc>
<status status="PASS" start="2026-02-16T15:09:08.005454" elapsed="0.109576"/>
</kw>
<status status="PASS" start="2026-02-16T15:09:08.004937" elapsed="0.110341"/>
</kw>
<kw name="Verify Text Field Value" owner="common_keywords">
<kw name="Textfield Value Should Be" owner="SeleniumLibrary">
<msg time="2026-02-16T15:09:08.150658" level="INFO">Content of text field 'id=input_comp-lt33fcs1' is 'Last'.</msg>
<arg>id=${field_id}</arg>
<arg>${expected_value}</arg>
<doc>Verifies text field ``locator`` has exactly text ``expected``.</doc>
<status status="PASS" start="2026-02-16T15:09:08.117183" elapsed="0.033649"/>
</kw>
<arg>input_comp-lt33fcs1</arg>
<arg>${LASTNAME}</arg>
<status status="PASS" start="2026-02-16T15:09:08.115906" elapsed="0.035111"/>
</kw>
<kw name="Input Valid Phone Number" owner="common_keywords">
<kw name="Input Text" owner="SeleniumLibrary">
<msg time="2026-02-16T15:09:08.152592" level="INFO">Typing text '0123456789' into text field '//*[@id='input_comp-lt33fcsi1']'.</msg>
<arg>//*[@id='input_comp-lt33fcsi1']</arg>
<arg>${PHONE_NUMBER}</arg>
<doc>Types the given ``text`` into the text field identified by ``locator``.</doc>
<status status="PASS" start="2026-02-16T15:09:08.152164" elapsed="0.120844"/>
</kw>
<status status="PASS" start="2026-02-16T15:09:08.151595" elapsed="0.121629"/>
</kw>
<kw name="Verify Text Field Value" owner="common_keywords">
<kw name="Textfield Value Should Be" owner="SeleniumLibrary">
<msg time="2026-02-16T15:09:08.306844" level="INFO">Content of text field 'id=input_comp-lt33fcsi1' is '0123456789'.</msg>
<arg>id=${field_id}</arg>
<arg>${expected_value}</arg>
<doc>Verifies text field ``locator`` has exactly text ``expected``.</doc>
<status status="PASS" start="2026-02-16T15:09:08.274426" elapsed="0.032610"/>
</kw>
<arg>input_comp-lt33fcsi1</arg>
<arg>${PHONE_NUMBER}</arg>
<status status="PASS" start="2026-02-16T15:09:08.273784" elapsed="0.033459"/>
</kw>
<kw name="Input Valid Email Address" owner="common_keywords">
<kw name="Input Text" owner="SeleniumLibrary">
<msg time="2026-02-16T15:09:08.308931" level="INFO">Typing text 'FirstLast@gmail.com' into text field '//*[@id='input_comp-lt33fcsf1']'.</msg>
<arg>//*[@id='input_comp-lt33fcsf1']</arg>
<arg>${EMAIL_ADDRESS}</arg>
<doc>Types the given ``text`` into the text field identified by ``locator``.</doc>
<status status="PASS" start="2026-02-16T15:09:08.308506" elapsed="0.131174"/>
</kw>
<status status="PASS" start="2026-02-16T15:09:08.307855" elapsed="0.132096"/>
</kw>
<kw name="Verify Text Field Value" owner="common_keywords">
<kw name="Textfield Value Should Be" owner="SeleniumLibrary">
<msg time="2026-02-16T15:09:08.475076" level="INFO">Content of text field 'id=input_comp-lt33fcsf1' is 'FirstLast@gmail.com'.</msg>
<arg>id=${field_id}</arg>
<arg>${expected_value}</arg>
<doc>Verifies text field ``locator`` has exactly text ``expected``.</doc>
<status status="PASS" start="2026-02-16T15:09:08.441603" elapsed="0.033659"/>
</kw>
<arg>input_comp-lt33fcsf1</arg>
<arg>${EMAIL_ADDRESS}</arg>
<status status="PASS" start="2026-02-16T15:09:08.440851" elapsed="0.034617"/>
</kw>
<kw name="Select Number of Adults" owner="common_keywords">
<kw name="Click Element" owner="SeleniumLibrary">
<msg time="2026-02-16T15:09:08.476965" level="INFO">Clicking element '//*[@class='RJZaGO']'.</msg>
<arg>//*[@class='RJZaGO']</arg>
<doc>Click the element identified by ``locator``.</doc>
<status status="PASS" start="2026-02-16T15:09:08.476639" elapsed="0.120029"/>
</kw>
<kw name="Wait Until Element Is Visible" owner="SeleniumLibrary">
<arg>//*[@class = 'P6sHUt' and contains(text(), '3')]</arg>
<doc>Waits until the element ``locator`` is visible.</doc>
<status status="PASS" start="2026-02-16T15:09:08.597045" elapsed="0.027545"/>
</kw>
<kw name="Click Element" owner="SeleniumLibrary">
<msg time="2026-02-16T15:09:08.625315" level="INFO">Clicking element '//*[@class = 'P6sHUt' and contains(text(), '3')]'.</msg>
<arg>//*[@class = 'P6sHUt' and contains(text(), '3')]</arg>
<doc>Click the element identified by ``locator``.</doc>
<status status="PASS" start="2026-02-16T15:09:08.624939" elapsed="0.089705"/>
</kw>
<status status="PASS" start="2026-02-16T15:09:08.476086" elapsed="0.238782"/>
</kw>
<kw name="Select Pet Choice" owner="common_keywords">
<kw name="Click Element" owner="SeleniumLibrary">
<msg time="2026-02-16T15:09:08.716732" level="INFO">Clicking element 'xpath=//*[text()='Yes']'.</msg>
<arg>xpath=//*[text()='${PET_CHOICE}']</arg>
<doc>Click the element identified by ``locator``.</doc>
<status status="PASS" start="2026-02-16T15:09:08.716134" elapsed="0.100500"/>
</kw>
<status status="PASS" start="2026-02-16T15:09:08.715495" elapsed="0.101688"/>
</kw>
<kw name="Input Note" owner="common_keywords">
<kw name="Input Text" owner="SeleniumLibrary">
<msg time="2026-02-16T15:09:08.818820" level="INFO">Typing text 'Note' into text field '//*[@id='input_comp-lt33fct3']'.</msg>
<arg>//*[@id='input_comp-lt33fct3']</arg>
<arg>${NOTE}</arg>
<doc>Types the given ``text`` into the text field identified by ``locator``.</doc>
<status status="PASS" start="2026-02-16T15:09:08.818355" elapsed="0.121964"/>
</kw>
<status status="PASS" start="2026-02-16T15:09:08.817789" elapsed="0.122739"/>
</kw>
<kw name="Verify Text Field Value" owner="common_keywords">
<kw name="Textfield Value Should Be" owner="SeleniumLibrary">
<msg time="2026-02-16T15:09:08.975462" level="INFO">Content of text field 'id=input_comp-lt33fct3' is 'Note'.</msg>
<arg>id=${field_id}</arg>
<arg>${expected_value}</arg>
<doc>Verifies text field ``locator`` has exactly text ``expected``.</doc>
<status status="PASS" start="2026-02-16T15:09:08.941753" elapsed="0.033889"/>
</kw>
<arg>input_comp-lt33fct3</arg>
<arg>${NOTE}</arg>
<status status="PASS" start="2026-02-16T15:09:08.941108" elapsed="0.034721"/>
</kw>
<kw name="Agree Terms And Conditions" owner="common_keywords">
<kw name="Click Element" owner="SeleniumLibrary">
<msg time="2026-02-16T15:09:08.977234" level="INFO">Clicking element 'xpath=//*[text()='I accept terms &amp; conditions']'.</msg>
<arg>xpath=//*[text()='I accept terms &amp; conditions']</arg>
<doc>Click the element identified by ``locator``.</doc>
<status status="PASS" start="2026-02-16T15:09:08.976909" elapsed="0.086358"/>
</kw>
<status status="PASS" start="2026-02-16T15:09:08.976396" elapsed="0.087108"/>
</kw>
<kw name="Close All Browsers" owner="SeleniumLibrary" type="TEARDOWN">
<doc>Closes all open browsers and resets the browser cache.</doc>
<status status="PASS" start="2026-02-16T15:09:09.064131" elapsed="3.317564"/>
</kw>
<tag>All Input</tag>
<status status="PASS" start="2026-02-16T15:09:03.940992" elapsed="8.441254"/>
</test>
<test id="s1-t2" name="Verify registration form with single fault firstname" line="30">
<kw name="Open Web Browser" owner="common_keywords">
<kw name="Open Browser" owner="SeleniumLibrary">
<msg time="2026-02-16T15:09:12.387997" level="INFO">Opening browser 'chrome' to base url 'https://panaryco.wixsite.com/myhotel?utm_source=chatgpt.com'.</msg>
<arg>${WEB_URL}</arg>
<arg>${WEB_BROWSER}</arg>
<doc>Opens a new browser instance to the optional ``url``.</doc>
<status status="PASS" start="2026-02-16T15:09:12.386970" elapsed="2.115825"/>
</kw>
<kw name="Maximize Browser Window" owner="SeleniumLibrary">
<doc>Maximizes current browser window.</doc>
<status status="PASS" start="2026-02-16T15:09:14.503125" elapsed="0.035877"/>
</kw>
<kw name="Sleep" owner="BuiltIn">
<msg time="2026-02-16T15:09:16.540727" level="INFO">Slept 2 seconds.</msg>
<arg>${OPEN_BROWSER_SLEEP}</arg>
<doc>Pauses the test executed for the given time.</doc>
<status status="PASS" start="2026-02-16T15:09:14.539346" elapsed="2.002064"/>
</kw>
<status status="PASS" start="2026-02-16T15:09:12.385820" elapsed="4.156052"/>
</kw>
<kw name="Scroll Down To Bottom" owner="common_keywords">
<kw name="Execute Javascript" owner="SeleniumLibrary">
<msg time="2026-02-16T15:09:16.548001" level="INFO">Executing JavaScript:
window.scrollTo(0, document.body.scrollHeight)
Without any arguments.</msg>
<arg>window.scrollTo(0, document.body.scrollHeight)</arg>
<doc>Executes the given JavaScript code with possible arguments.</doc>
<status status="PASS" start="2026-02-16T15:09:16.545245" elapsed="0.034886"/>
</kw>
<status status="PASS" start="2026-02-16T15:09:16.543666" elapsed="0.037036"/>
</kw>
<kw name="Input Invalid Firstname" owner="invalid_keywords">
<kw name="Input Text" owner="SeleniumLibrary">
<msg time="2026-02-16T15:09:16.586528" level="INFO">Typing text '' into text field '//*[@id='input_comp-lt33fcq41']'.</msg>
<arg>//*[@id='input_comp-lt33fcq41']</arg>
<arg>${INVALID_FIRSTNAME}</arg>
<doc>Types the given ``text`` into the text field identified by ``locator``.</doc>
<status status="PASS" start="2026-02-16T15:09:16.584751" elapsed="0.251410"/>
</kw>
<status status="PASS" start="2026-02-16T15:09:16.582270" elapsed="0.254098"/>
</kw>
<kw name="Verify Text Field Value" owner="common_keywords">
<kw name="Textfield Value Should Be" owner="SeleniumLibrary">
<msg time="2026-02-16T15:09:16.874124" level="INFO">Content of text field 'id=input_comp-lt33fcq41' is ''.</msg>
<arg>id=${field_id}</arg>
<arg>${expected_value}</arg>
<doc>Verifies text field ``locator`` has exactly text ``expected``.</doc>
<status status="PASS" start="2026-02-16T15:09:16.837635" elapsed="0.036671"/>
</kw>
<arg>input_comp-lt33fcq41</arg>
<arg>${INVALID_FIRSTNAME}</arg>
<status status="PASS" start="2026-02-16T15:09:16.836975" elapsed="0.037519"/>
</kw>
<kw name="Input Valid Lastname" owner="common_keywords">
<kw name="Input Text" owner="SeleniumLibrary">
<msg time="2026-02-16T15:09:16.876070" level="INFO">Typing text 'Last' into text field '//*[@id="input_comp-lt33fcs1"]'.</msg>
<arg>//*[@id="input_comp-lt33fcs1"]</arg>
<arg>${LASTNAME}</arg>
<doc>Types the given ``text`` into the text field identified by ``locator``.</doc>
<status status="PASS" start="2026-02-16T15:09:16.875633" elapsed="0.114628"/>
</kw>
<status status="PASS" start="2026-02-16T15:09:16.875107" elapsed="0.115378"/>
</kw>
<kw name="Verify Text Field Value" owner="common_keywords">
<kw name="Textfield Value Should Be" owner="SeleniumLibrary">
<msg time="2026-02-16T15:09:17.025535" level="INFO">Content of text field 'id=input_comp-lt33fcs1' is 'Last'.</msg>
<arg>id=${field_id}</arg>
<arg>${expected_value}</arg>
<doc>Verifies text field ``locator`` has exactly text ``expected``.</doc>
<status status="PASS" start="2026-02-16T15:09:16.991955" elapsed="0.033770"/>
</kw>
<arg>input_comp-lt33fcs1</arg>
<arg>${LASTNAME}</arg>
<status status="PASS" start="2026-02-16T15:09:16.991137" elapsed="0.034781"/>
</kw>
<kw name="Input Valid Phone Number" owner="common_keywords">
<kw name="Input Text" owner="SeleniumLibrary">
<msg time="2026-02-16T15:09:17.027443" level="INFO">Typing text '0123456789' into text field '//*[@id='input_comp-lt33fcsi1']'.</msg>
<arg>//*[@id='input_comp-lt33fcsi1']</arg>
<arg>${PHONE_NUMBER}</arg>
<doc>Types the given ``text`` into the text field identified by ``locator``.</doc>
<status status="PASS" start="2026-02-16T15:09:17.027022" elapsed="0.134521"/>
</kw>
<status status="PASS" start="2026-02-16T15:09:17.026494" elapsed="0.135276"/>
</kw>
<kw name="Verify Text Field Value" owner="common_keywords">
<kw name="Textfield Value Should Be" owner="SeleniumLibrary">
<msg time="2026-02-16T15:09:17.197051" level="INFO">Content of text field 'id=input_comp-lt33fcsi1' is '0123456789'.</msg>
<arg>id=${field_id}</arg>
<arg>${expected_value}</arg>
<doc>Verifies text field ``locator`` has exactly text ``expected``.</doc>
<status status="PASS" start="2026-02-16T15:09:17.163683" elapsed="0.033544"/>
</kw>
<arg>input_comp-lt33fcsi1</arg>
<arg>${PHONE_NUMBER}</arg>
<status status="PASS" start="2026-02-16T15:09:17.162410" elapsed="0.035002"/>
</kw>
<kw name="Input Valid Email Address" owner="common_keywords">
<kw name="Input Text" owner="SeleniumLibrary">
<msg time="2026-02-16T15:09:17.198938" level="INFO">Typing text 'FirstLast@gmail.com' into text field '//*[@id='input_comp-lt33fcsf1']'.</msg>
<arg>//*[@id='input_comp-lt33fcsf1']</arg>
<arg>${EMAIL_ADDRESS}</arg>
<doc>Types the given ``text`` into the text field identified by ``locator``.</doc>
<status status="PASS" start="2026-02-16T15:09:17.198530" elapsed="0.136158"/>
</kw>
<status status="PASS" start="2026-02-16T15:09:17.198002" elapsed="0.136935"/>
</kw>
<kw name="Verify Text Field Value" owner="common_keywords">
<kw name="Textfield Value Should Be" owner="SeleniumLibrary">
<msg time="2026-02-16T15:09:17.370227" level="INFO">Content of text field 'id=input_comp-lt33fcsf1' is 'FirstLast@gmail.com'.</msg>
<arg>id=${field_id}</arg>
<arg>${expected_value}</arg>
<doc>Verifies text field ``locator`` has exactly text ``expected``.</doc>
<status status="PASS" start="2026-02-16T15:09:17.336461" elapsed="0.033965"/>
</kw>
<arg>input_comp-lt33fcsf1</arg>
<arg>${EMAIL_ADDRESS}</arg>
<status status="PASS" start="2026-02-16T15:09:17.335756" elapsed="0.035076"/>
</kw>
<kw name="Select Number of Adults" owner="common_keywords">
<kw name="Click Element" owner="SeleniumLibrary">
<msg time="2026-02-16T15:09:17.372212" level="INFO">Clicking element '//*[@class='RJZaGO']'.</msg>
<arg>//*[@class='RJZaGO']</arg>
<doc>Click the element identified by ``locator``.</doc>
<status status="PASS" start="2026-02-16T15:09:17.371908" elapsed="0.092864"/>
</kw>
<kw name="Wait Until Element Is Visible" owner="SeleniumLibrary">
<arg>//*[@class = 'P6sHUt' and contains(text(), '3')]</arg>
<doc>Waits until the element ``locator`` is visible.</doc>
<status status="PASS" start="2026-02-16T15:09:17.465109" elapsed="0.042147"/>
</kw>
<kw name="Click Element" owner="SeleniumLibrary">
<msg time="2026-02-16T15:09:17.508072" level="INFO">Clicking element '//*[@class = 'P6sHUt' and contains(text(), '3')]'.</msg>
<arg>//*[@class = 'P6sHUt' and contains(text(), '3')]</arg>
<doc>Click the element identified by ``locator``.</doc>
<status status="PASS" start="2026-02-16T15:09:17.507685" elapsed="0.082000"/>
</kw>
<status status="PASS" start="2026-02-16T15:09:17.371411" elapsed="0.218572"/>
</kw>
<kw name="Select Pet Choice" owner="common_keywords">
<kw name="Click Element" owner="SeleniumLibrary">
<msg time="2026-02-16T15:09:17.591894" level="INFO">Clicking element 'xpath=//*[text()='Yes']'.</msg>
<arg>xpath=//*[text()='${PET_CHOICE}']</arg>
<doc>Click the element identified by ``locator``.</doc>
<status status="PASS" start="2026-02-16T15:09:17.591305" elapsed="0.084960"/>
</kw>
<status status="PASS" start="2026-02-16T15:09:17.590675" elapsed="0.085807"/>
</kw>
<kw name="Input Note" owner="common_keywords">
<kw name="Input Text" owner="SeleniumLibrary">
<msg time="2026-02-16T15:09:17.677927" level="INFO">Typing text 'Note' into text field '//*[@id='input_comp-lt33fct3']'.</msg>
<arg>//*[@id='input_comp-lt33fct3']</arg>
<arg>${NOTE}</arg>
<doc>Types the given ``text`` into the text field identified by ``locator``.</doc>
<status status="PASS" start="2026-02-16T15:09:17.677541" elapsed="0.115199"/>
</kw>
<status status="PASS" start="2026-02-16T15:09:17.677047" elapsed="0.115914"/>
</kw>
<kw name="Verify Text Field Value" owner="common_keywords">
<kw name="Textfield Value Should Be" owner="SeleniumLibrary">
<msg time="2026-02-16T15:09:17.827080" level="INFO">Content of text field 'id=input_comp-lt33fct3' is 'Note'.</msg>
<arg>id=${field_id}</arg>
<arg>${expected_value}</arg>
<doc>Verifies text field ``locator`` has exactly text ``expected``.</doc>
<status status="PASS" start="2026-02-16T15:09:17.794402" elapsed="0.032866"/>
</kw>
<arg>input_comp-lt33fct3</arg>
<arg>${NOTE}</arg>
<status status="PASS" start="2026-02-16T15:09:17.793578" elapsed="0.033877"/>
</kw>
<kw name="Agree Terms And Conditions" owner="common_keywords">
<kw name="Click Element" owner="SeleniumLibrary">
<msg time="2026-02-16T15:09:17.828824" level="INFO">Clicking element 'xpath=//*[text()='I accept terms &amp; conditions']'.</msg>
<arg>xpath=//*[text()='I accept terms &amp; conditions']</arg>
<doc>Click the element identified by ``locator``.</doc>
<status status="PASS" start="2026-02-16T15:09:17.828497" elapsed="0.077230"/>
</kw>
<status status="PASS" start="2026-02-16T15:09:17.828009" elapsed="0.077952"/>
</kw>
<kw name="Submit Button" owner="common_keywords">
<kw name="Click Element" owner="SeleniumLibrary">
<msg time="2026-02-16T15:09:17.907494" level="INFO">Clicking element 'xpath=//*[text()='Submit']'.</msg>
<arg>xpath=//*[text()='Submit']</arg>
<doc>Click the element identified by ``locator``.</doc>
<status status="PASS" start="2026-02-16T15:09:17.907151" elapsed="0.085114"/>
</kw>
<status status="PASS" start="2026-02-16T15:09:17.906591" elapsed="0.085922"/>
</kw>
<kw name="Verify Field Is Invalid" owner="invalid_keywords">
<kw name="Wait Until Element Is Visible" owner="SeleniumLibrary">
<arg>id=${field_id}</arg>
<arg>5s</arg>
<doc>Waits until the element ``locator`` is visible.</doc>
<status status="PASS" start="2026-02-16T15:09:17.995908" elapsed="0.026290"/>
</kw>
<kw name="Get Element Attribute" owner="SeleniumLibrary">
<msg time="2026-02-16T15:09:18.043291" level="INFO">${invalid} = true</msg>
<var>${invalid}</var>
<arg>id=${field_id}</arg>
<arg>aria-invalid</arg>
<doc>Returns the value of ``attribute`` from the element ``locator``.</doc>
<status status="PASS" start="2026-02-16T15:09:18.022563" elapsed="0.020827"/>
</kw>
<kw name="Should Be Equal" owner="BuiltIn">
<arg>${invalid}</arg>
<arg>true</arg>
<doc>Fails if the given objects are unequal.</doc>
<status status="PASS" start="2026-02-16T15:09:18.043711" elapsed="0.000823"/>
</kw>
<arg>input_comp-lt33fcq41</arg>
<status status="PASS" start="2026-02-16T15:09:17.994540" elapsed="0.050179"/>
</kw>
<kw name="Close All Browsers" owner="SeleniumLibrary" type="TEARDOWN">
<doc>Closes all open browsers and resets the browser cache.</doc>
<status status="PASS" start="2026-02-16T15:09:18.045606" elapsed="2.929821"/>
</kw>
<status status="PASS" start="2026-02-16T15:09:12.384017" elapsed="8.591835"/>
</test>
<test id="s1-t3" name="Verify registration form with single fault lastname" line="50">
<kw name="Open Web Browser" owner="common_keywords">
<kw name="Open Browser" owner="SeleniumLibrary">
<msg time="2026-02-16T15:09:20.981953" level="INFO">Opening browser 'chrome' to base url 'https://panaryco.wixsite.com/myhotel?utm_source=chatgpt.com'.</msg>
<arg>${WEB_URL}</arg>
<arg>${WEB_BROWSER}</arg>
<doc>Opens a new browser instance to the optional ``url``.</doc>
<status status="PASS" start="2026-02-16T15:09:20.980561" elapsed="2.300272"/>
</kw>
<kw name="Maximize Browser Window" owner="SeleniumLibrary">
<doc>Maximizes current browser window.</doc>
<status status="PASS" start="2026-02-16T15:09:23.281314" elapsed="0.040242"/>
</kw>
<kw name="Sleep" owner="BuiltIn">
<msg time="2026-02-16T15:09:25.325017" level="INFO">Slept 2 seconds.</msg>
<arg>${OPEN_BROWSER_SLEEP}</arg>
<doc>Pauses the test executed for the given time.</doc>
<status status="PASS" start="2026-02-16T15:09:23.322109" elapsed="2.004257"/>
</kw>
<status status="PASS" start="2026-02-16T15:09:20.979104" elapsed="4.351649"/>
</kw>
<kw name="Scroll Down To Bottom" owner="common_keywords">
<kw name="Execute Javascript" owner="SeleniumLibrary">
<msg time="2026-02-16T15:09:25.340494" level="INFO">Executing JavaScript:
window.scrollTo(0, document.body.scrollHeight)
Without any arguments.</msg>
<arg>window.scrollTo(0, document.body.scrollHeight)</arg>
<doc>Executes the given JavaScript code with possible arguments.</doc>
<status status="PASS" start="2026-02-16T15:09:25.337560" elapsed="0.047576"/>
</kw>
<status status="PASS" start="2026-02-16T15:09:25.335603" elapsed="0.050233"/>
</kw>
<kw name="Input Valid Firstname" owner="common_keywords">
<kw name="Input Text" owner="SeleniumLibrary">
<msg time="2026-02-16T15:09:25.391623" level="INFO">Typing text 'First' into text field '//*[@id='input_comp-lt33fcq41']'.</msg>
<arg>//*[@id='input_comp-lt33fcq41']</arg>
<arg>${FIRSTNAME}</arg>
<doc>Types the given ``text`` into the text field identified by ``locator``.</doc>
<status status="PASS" start="2026-02-16T15:09:25.389975" elapsed="0.185837"/>
</kw>
<status status="PASS" start="2026-02-16T15:09:25.387569" elapsed="0.188478"/>
</kw>
<kw name="Verify Text Field Value" owner="common_keywords">
<kw name="Textfield Value Should Be" owner="SeleniumLibrary">
<msg time="2026-02-16T15:09:25.612829" level="INFO">Content of text field 'id=input_comp-lt33fcq41' is 'First'.</msg>
<arg>id=${field_id}</arg>
<arg>${expected_value}</arg>
<doc>Verifies text field ``locator`` has exactly text ``expected``.</doc>
<status status="PASS" start="2026-02-16T15:09:25.577342" elapsed="0.035653"/>
</kw>
<arg>input_comp-lt33fcq41</arg>
<arg>${FIRSTNAME}</arg>
<status status="PASS" start="2026-02-16T15:09:25.576651" elapsed="0.036529"/>
</kw>
<kw name="Input Invalid Lastname" owner="invalid_keywords">
<kw name="Input Text" owner="SeleniumLibrary">
<msg time="2026-02-16T15:09:25.615024" level="INFO">Typing text '' into text field '//*[@id='input_comp-lt33fcs1']'.</msg>
<arg>//*[@id='input_comp-lt33fcs1']</arg>
<arg>${INVALID_LASTNAME}</arg>
<doc>Types the given ``text`` into the text field identified by ``locator``.</doc>
<status status="PASS" start="2026-02-16T15:09:25.614602" elapsed="0.092110"/>
</kw>
<status status="PASS" start="2026-02-16T15:09:25.614054" elapsed="0.092892"/>
</kw>
<kw name="Verify Text Field Value" owner="common_keywords">
<kw name="Textfield Value Should Be" owner="SeleniumLibrary">
<msg time="2026-02-16T15:09:25.742055" level="INFO">Content of text field 'id=input_comp-lt33fcs1' is ''.</msg>
<arg>id=${field_id}</arg>
<arg>${expected_value}</arg>
<doc>Verifies text field ``locator`` has exactly text ``expected``.</doc>
<status status="PASS" start="2026-02-16T15:09:25.708445" elapsed="0.033786"/>
</kw>
<arg>input_comp-lt33fcs1</arg>
<arg>${INVALID_LASTNAME}</arg>
<status status="PASS" start="2026-02-16T15:09:25.707761" elapsed="0.034650"/>
</kw>
<kw name="Input Valid Phone Number" owner="common_keywords">
<kw name="Input Text" owner="SeleniumLibrary">
<msg time="2026-02-16T15:09:25.743965" level="INFO">Typing text '0123456789' into text field '//*[@id='input_comp-lt33fcsi1']'.</msg>
<arg>//*[@id='input_comp-lt33fcsi1']</arg>
<arg>${PHONE_NUMBER}</arg>
<doc>Types the given ``text`` into the text field identified by ``locator``.</doc>
<status status="PASS" start="2026-02-16T15:09:25.743537" elapsed="0.143612"/>
</kw>
<status status="PASS" start="2026-02-16T15:09:25.742970" elapsed="0.144441"/>
</kw>
<kw name="Verify Text Field Value" owner="common_keywords">
<kw name="Textfield Value Should Be" owner="SeleniumLibrary">
<msg time="2026-02-16T15:09:25.921350" level="INFO">Content of text field 'id=input_comp-lt33fcsi1' is '0123456789'.</msg>
<arg>id=${field_id}</arg>
<arg>${expected_value}</arg>
<doc>Verifies text field ``locator`` has exactly text ``expected``.</doc>
<status status="PASS" start="2026-02-16T15:09:25.888800" elapsed="0.032737"/>
</kw>
<arg>input_comp-lt33fcsi1</arg>
<arg>${PHONE_NUMBER}</arg>
<status status="PASS" start="2026-02-16T15:09:25.888080" elapsed="0.033655"/>
</kw>
<kw name="Input Valid Email Address" owner="common_keywords">
<kw name="Input Text" owner="SeleniumLibrary">
<msg time="2026-02-16T15:09:25.923417" level="INFO">Typing text 'FirstLast@gmail.com' into text field '//*[@id='input_comp-lt33fcsf1']'.</msg>
<arg>//*[@id='input_comp-lt33fcsf1']</arg>
<arg>${EMAIL_ADDRESS}</arg>
<doc>Types the given ``text`` into the text field identified by ``locator``.</doc>
<status status="PASS" start="2026-02-16T15:09:25.922968" elapsed="0.145839"/>
</kw>
<status status="PASS" start="2026-02-16T15:09:25.922402" elapsed="0.146618"/>
</kw>
<kw name="Verify Text Field Value" owner="common_keywords">
<kw name="Textfield Value Should Be" owner="SeleniumLibrary">
<msg time="2026-02-16T15:09:26.119482" level="INFO">Content of text field 'id=input_comp-lt33fcsf1' is 'FirstLast@gmail.com'.</msg>
<arg>id=${field_id}</arg>
<arg>${expected_value}</arg>
<doc>Verifies text field ``locator`` has exactly text ``expected``.</doc>
<status status="PASS" start="2026-02-16T15:09:26.071024" elapsed="0.048632"/>
</kw>
<arg>input_comp-lt33fcsf1</arg>
<arg>${EMAIL_ADDRESS}</arg>
<status status="PASS" start="2026-02-16T15:09:26.070383" elapsed="0.049454"/>
</kw>
<kw name="Select Number of Adults" owner="common_keywords">
<kw name="Click Element" owner="SeleniumLibrary">
<msg time="2026-02-16T15:09:26.121271" level="INFO">Clicking element '//*[@class='RJZaGO']'.</msg>
<arg>//*[@class='RJZaGO']</arg>
<doc>Click the element identified by ``locator``.</doc>
<status status="PASS" start="2026-02-16T15:09:26.120938" elapsed="0.105766"/>
</kw>
<kw name="Wait Until Element Is Visible" owner="SeleniumLibrary">
<arg>//*[@class = 'P6sHUt' and contains(text(), '3')]</arg>
<doc>Waits until the element ``locator`` is visible.</doc>
<status status="PASS" start="2026-02-16T15:09:26.227075" elapsed="0.025459"/>
</kw>
<kw name="Click Element" owner="SeleniumLibrary">
<msg time="2026-02-16T15:09:26.253277" level="INFO">Clicking element '//*[@class = 'P6sHUt' and contains(text(), '3')]'.</msg>
<arg>//*[@class = 'P6sHUt' and contains(text(), '3')]</arg>
<doc>Click the element identified by ``locator``.</doc>
<status status="PASS" start="2026-02-16T15:09:26.252883" elapsed="0.076567"/>
</kw>
<status status="PASS" start="2026-02-16T15:09:26.120432" elapsed="0.209250"/>
</kw>
<kw name="Select Pet Choice" owner="common_keywords">
<kw name="Click Element" owner="SeleniumLibrary">
<msg time="2026-02-16T15:09:26.331512" level="INFO">Clicking element 'xpath=//*[text()='Yes']'.</msg>
<arg>xpath=//*[text()='${PET_CHOICE}']</arg>
<doc>Click the element identified by ``locator``.</doc>
<status status="PASS" start="2026-02-16T15:09:26.330960" elapsed="0.082173"/>
</kw>
<status status="PASS" start="2026-02-16T15:09:26.330291" elapsed="0.083093"/>
</kw>
<kw name="Input Note" owner="common_keywords">
<kw name="Input Text" owner="SeleniumLibrary">
<msg time="2026-02-16T15:09:26.415234" level="INFO">Typing text 'Note' into text field '//*[@id='input_comp-lt33fct3']'.</msg>
<arg>//*[@id='input_comp-lt33fct3']</arg>
<arg>${NOTE}</arg>
<doc>Types the given ``text`` into the text field identified by ``locator``.</doc>
<status status="PASS" start="2026-02-16T15:09:26.414743" elapsed="0.119527"/>
</kw>
<status status="PASS" start="2026-02-16T15:09:26.414180" elapsed="0.120313"/>
</kw>
<kw name="Verify Text Field Value" owner="common_keywords">
<kw name="Textfield Value Should Be" owner="SeleniumLibrary">
<msg time="2026-02-16T15:09:26.571222" level="INFO">Content of text field 'id=input_comp-lt33fct3' is 'Note'.</msg>
<arg>id=${field_id}</arg>
<arg>${expected_value}</arg>
<doc>Verifies text field ``locator`` has exactly text ``expected``.</doc>
<status status="PASS" start="2026-02-16T15:09:26.535724" elapsed="0.035695"/>
</kw>
<arg>input_comp-lt33fct3</arg>
<arg>${NOTE}</arg>
<status status="PASS" start="2026-02-16T15:09:26.535068" elapsed="0.036559"/>
</kw>
<kw name="Agree Terms And Conditions" owner="common_keywords">
<kw name="Click Element" owner="SeleniumLibrary">
<msg time="2026-02-16T15:09:26.573006" level="INFO">Clicking element 'xpath=//*[text()='I accept terms &amp; conditions']'.</msg>
<arg>xpath=//*[text()='I accept terms &amp; conditions']</arg>
<doc>Click the element identified by ``locator``.</doc>
<status status="PASS" start="2026-02-16T15:09:26.572694" elapsed="0.098937"/>
</kw>
<status status="PASS" start="2026-02-16T15:09:26.572211" elapsed="0.099656"/>
</kw>
<kw name="Submit Button" owner="common_keywords">
<kw name="Click Element" owner="SeleniumLibrary">
<msg time="2026-02-16T15:09:26.673345" level="INFO">Clicking element 'xpath=//*[text()='Submit']'.</msg>
<arg>xpath=//*[text()='Submit']</arg>
<doc>Click the element identified by ``locator``.</doc>
<status status="PASS" start="2026-02-16T15:09:26.673010" elapsed="0.100252"/>
</kw>
<status status="PASS" start="2026-02-16T15:09:26.672494" elapsed="0.100993"/>
</kw>
<kw name="Verify Field Is Invalid" owner="invalid_keywords">
<kw name="Wait Until Element Is Visible" owner="SeleniumLibrary">
<arg>id=${field_id}</arg>
<arg>5s</arg>
<doc>Waits until the element ``locator`` is visible.</doc>
<status status="PASS" start="2026-02-16T15:09:26.775574" elapsed="0.030500"/>
</kw>
<kw name="Get Element Attribute" owner="SeleniumLibrary">
<msg time="2026-02-16T15:09:26.838448" level="INFO">${invalid} = true</msg>
<var>${invalid}</var>
<arg>id=${field_id}</arg>
<arg>aria-invalid</arg>
<doc>Returns the value of ``attribute`` from the element ``locator``.</doc>
<status status="PASS" start="2026-02-16T15:09:26.806416" elapsed="0.032131"/>
</kw>
<kw name="Should Be Equal" owner="BuiltIn">
<arg>${invalid}</arg>
<arg>true</arg>
<doc>Fails if the given objects are unequal.</doc>
<status status="PASS" start="2026-02-16T15:09:26.838873" elapsed="0.000739"/>
</kw>
<arg>input_comp-lt33fcs1</arg>
<status status="PASS" start="2026-02-16T15:09:26.774432" elapsed="0.065472"/>
</kw>
<kw name="Close All Browsers" owner="SeleniumLibrary" type="TEARDOWN">
<doc>Closes all open browsers and resets the browser cache.</doc>
<status status="PASS" start="2026-02-16T15:09:26.841143" elapsed="2.841565"/>
</kw>
<status status="PASS" start="2026-02-16T15:09:20.977159" elapsed="8.706053"/>
</test>
<test id="s1-t4" name="Verify registration form with single fault phone number" line="71">
<kw name="Open Web Browser" owner="common_keywords">
<kw name="Open Browser" owner="SeleniumLibrary">
<msg time="2026-02-16T15:09:29.685797" level="INFO">Opening browser 'chrome' to base url 'https://panaryco.wixsite.com/myhotel?utm_source=chatgpt.com'.</msg>
<arg>${WEB_URL}</arg>
<arg>${WEB_BROWSER}</arg>
<doc>Opens a new browser instance to the optional ``url``.</doc>
<status status="PASS" start="2026-02-16T15:09:29.685411" elapsed="2.138429"/>
</kw>
<kw name="Maximize Browser Window" owner="SeleniumLibrary">
<doc>Maximizes current browser window.</doc>
<status status="PASS" start="2026-02-16T15:09:31.824218" elapsed="0.037284"/>
</kw>
<kw name="Sleep" owner="BuiltIn">
<msg time="2026-02-16T15:09:33.862656" level="INFO">Slept 2 seconds.</msg>
<arg>${OPEN_BROWSER_SLEEP}</arg>
<doc>Pauses the test executed for the given time.</doc>
<status status="PASS" start="2026-02-16T15:09:31.861834" elapsed="2.001049"/>
</kw>
<status status="PASS" start="2026-02-16T15:09:29.684914" elapsed="4.178174"/>
</kw>
<kw name="Scroll Down To Bottom" owner="common_keywords">
<kw name="Execute Javascript" owner="SeleniumLibrary">
<msg time="2026-02-16T15:09:33.865229" level="INFO">Executing JavaScript:
window.scrollTo(0, document.body.scrollHeight)
Without any arguments.</msg>
<arg>window.scrollTo(0, document.body.scrollHeight)</arg>
<doc>Executes the given JavaScript code with possible arguments.</doc>
<status status="PASS" start="2026-02-16T15:09:33.864265" elapsed="0.019656"/>
</kw>
<status status="PASS" start="2026-02-16T15:09:33.863711" elapsed="0.020428"/>
</kw>
<kw name="Input Valid Firstname" owner="common_keywords">
<kw name="Input Text" owner="SeleniumLibrary">
<msg time="2026-02-16T15:09:33.901302" level="INFO">Typing text 'First' into text field '//*[@id='input_comp-lt33fcq41']'.</msg>
<arg>//*[@id='input_comp-lt33fcq41']</arg>
<arg>${FIRSTNAME}</arg>
<doc>Types the given ``text`` into the text field identified by ``locator``.</doc>
<status status="PASS" start="2026-02-16T15:09:33.885708" elapsed="0.299656"/>
</kw>
<status status="PASS" start="2026-02-16T15:09:33.884892" elapsed="0.300727"/>
</kw>
<kw name="Verify Text Field Value" owner="common_keywords">
<kw name="Textfield Value Should Be" owner="SeleniumLibrary">
<msg time="2026-02-16T15:09:34.223215" level="INFO">Content of text field 'id=input_comp-lt33fcq41' is 'First'.</msg>
<arg>id=${field_id}</arg>
<arg>${expected_value}</arg>
<doc>Verifies text field ``locator`` has exactly text ``expected``.</doc>
<status status="PASS" start="2026-02-16T15:09:34.187032" elapsed="0.036404"/>
</kw>
<arg>input_comp-lt33fcq41</arg>
<arg>${FIRSTNAME}</arg>
<status status="PASS" start="2026-02-16T15:09:34.186223" elapsed="0.037418"/>
</kw>
<kw name="Input Valid Lastname" owner="common_keywords">
<kw name="Input Text" owner="SeleniumLibrary">
<msg time="2026-02-16T15:09:34.225322" level="INFO">Typing text 'Last' into text field '//*[@id="input_comp-lt33fcs1"]'.</msg>
<arg>//*[@id="input_comp-lt33fcs1"]</arg>
<arg>${LASTNAME}</arg>
<doc>Types the given ``text`` into the text field identified by ``locator``.</doc>
<status status="PASS" start="2026-02-16T15:09:34.224899" elapsed="0.110192"/>
</kw>
<status status="PASS" start="2026-02-16T15:09:34.224250" elapsed="0.111070"/>
</kw>
<kw name="Verify Text Field Value" owner="common_keywords">
<kw name="Textfield Value Should Be" owner="SeleniumLibrary">
<msg time="2026-02-16T15:09:34.372068" level="INFO">Content of text field 'id=input_comp-lt33fcs1' is 'Last'.</msg>
<arg>id=${field_id}</arg>
<arg>${expected_value}</arg>
<doc>Verifies text field ``locator`` has exactly text ``expected``.</doc>
<status status="PASS" start="2026-02-16T15:09:34.336559" elapsed="0.035683"/>
</kw>
<arg>input_comp-lt33fcs1</arg>
<arg>${LASTNAME}</arg>
<status status="PASS" start="2026-02-16T15:09:34.335904" elapsed="0.036523"/>
</kw>
<kw name="Input Invalid Phone Number" owner="invalid_keywords">
<kw name="Input Text" owner="SeleniumLibrary">
<msg time="2026-02-16T15:09:34.374000" level="INFO">Typing text '' into text field '//*[@id='input_comp-lt33fcsi1']'.</msg>
<arg>//*[@id='input_comp-lt33fcsi1']</arg>
<arg>${INVALID_PHONE_NUMBER}</arg>
<doc>Types the given ``text`` into the text field identified by ``locator``.</doc>
<status status="PASS" start="2026-02-16T15:09:34.373545" elapsed="0.107396"/>
</kw>
<status status="PASS" start="2026-02-16T15:09:34.373009" elapsed="0.108166"/>
</kw>
<kw name="Verify Text Field Value" owner="common_keywords">
<kw name="Textfield Value Should Be" owner="SeleniumLibrary">
<msg time="2026-02-16T15:09:34.516292" level="INFO">Content of text field 'id=input_comp-lt33fcsi1' is ''.</msg>
<arg>id=${field_id}</arg>
<arg>${expected_value}</arg>
<doc>Verifies text field ``locator`` has exactly text ``expected``.</doc>
<status status="PASS" start="2026-02-16T15:09:34.482422" elapsed="0.034042"/>
</kw>
<arg>input_comp-lt33fcsi1</arg>
<arg>${INVALID_PHONE_NUMBER}</arg>
<status status="PASS" start="2026-02-16T15:09:34.481760" elapsed="0.034886"/>
</kw>
<kw name="Input Valid Email Address" owner="common_keywords">
<kw name="Input Text" owner="SeleniumLibrary">
<msg time="2026-02-16T15:09:34.518134" level="INFO">Typing text 'FirstLast@gmail.com' into text field '//*[@id='input_comp-lt33fcsf1']'.</msg>
<arg>//*[@id='input_comp-lt33fcsf1']</arg>
<arg>${EMAIL_ADDRESS}</arg>
<doc>Types the given ``text`` into the text field identified by ``locator``.</doc>
<status status="PASS" start="2026-02-16T15:09:34.517727" elapsed="0.148347"/>
</kw>
<status status="PASS" start="2026-02-16T15:09:34.517202" elapsed="0.149103"/>
</kw>
<kw name="Verify Text Field Value" owner="common_keywords">
<kw name="Textfield Value Should Be" owner="SeleniumLibrary">
<msg time="2026-02-16T15:09:34.704917" level="INFO">Content of text field 'id=input_comp-lt33fcsf1' is 'FirstLast@gmail.com'.</msg>
<arg>id=${field_id}</arg>
<arg>${expected_value}</arg>
<doc>Verifies text field ``locator`` has exactly text ``expected``.</doc>
<status status="PASS" start="2026-02-16T15:09:34.668254" elapsed="0.036831"/>
</kw>
<arg>input_comp-lt33fcsf1</arg>
<arg>${EMAIL_ADDRESS}</arg>
<status status="PASS" start="2026-02-16T15:09:34.667511" elapsed="0.037753"/>
</kw>
<kw name="Select Number of Adults" owner="common_keywords">
<kw name="Click Element" owner="SeleniumLibrary">
<msg time="2026-02-16T15:09:34.706694" level="INFO">Clicking element '//*[@class='RJZaGO']'.</msg>
<arg>//*[@class='RJZaGO']</arg>
<doc>Click the element identified by ``locator``.</doc>
<status status="PASS" start="2026-02-16T15:09:34.706367" elapsed="0.100182"/>
</kw>
<kw name="Wait Until Element Is Visible" owner="SeleniumLibrary">
<arg>//*[@class = 'P6sHUt' and contains(text(), '3')]</arg>
<doc>Waits until the element ``locator`` is visible.</doc>
<status status="PASS" start="2026-02-16T15:09:34.806911" elapsed="0.026267"/>
</kw>
<kw name="Click Element" owner="SeleniumLibrary">
<msg time="2026-02-16T15:09:34.833891" level="INFO">Clicking element '//*[@class = 'P6sHUt' and contains(text(), '3')]'.</msg>
<arg>//*[@class = 'P6sHUt' and contains(text(), '3')]</arg>
<doc>Click the element identified by ``locator``.</doc>
<status status="PASS" start="2026-02-16T15:09:34.833530" elapsed="0.090207"/>
</kw>
<status status="PASS" start="2026-02-16T15:09:34.705850" elapsed="0.218153"/>
</kw>
<kw name="Select Pet Choice" owner="common_keywords">
<kw name="Click Element" owner="SeleniumLibrary">
<msg time="2026-02-16T15:09:34.926042" level="INFO">Clicking element 'xpath=//*[text()='Yes']'.</msg>
<arg>xpath=//*[text()='${PET_CHOICE}']</arg>
<doc>Click the element identified by ``locator``.</doc>
<status status="PASS" start="2026-02-16T15:09:34.925448" elapsed="0.080680"/>
</kw>
<status status="PASS" start="2026-02-16T15:09:34.924643" elapsed="0.081714"/>
</kw>
<kw name="Input Note" owner="common_keywords">
<kw name="Input Text" owner="SeleniumLibrary">
<msg time="2026-02-16T15:09:35.008128" level="INFO">Typing text 'Note' into text field '//*[@id='input_comp-lt33fct3']'.</msg>
<arg>//*[@id='input_comp-lt33fct3']</arg>
<arg>${NOTE}</arg>
<doc>Types the given ``text`` into the text field identified by ``locator``.</doc>
<status status="PASS" start="2026-02-16T15:09:35.007526" elapsed="0.180013"/>
</kw>
<status status="PASS" start="2026-02-16T15:09:35.006992" elapsed="0.180806"/>
</kw>
<kw name="Verify Text Field Value" owner="common_keywords">
<kw name="Textfield Value Should Be" owner="SeleniumLibrary">
<msg time="2026-02-16T15:09:35.260230" level="INFO">Content of text field 'id=input_comp-lt33fct3' is 'Note'.</msg>
<arg>id=${field_id}</arg>
<arg>${expected_value}</arg>
<doc>Verifies text field ``locator`` has exactly text ``expected``.</doc>
<status status="PASS" start="2026-02-16T15:09:35.189152" elapsed="0.071283"/>
</kw>
<arg>input_comp-lt33fct3</arg>
<arg>${NOTE}</arg>
<status status="PASS" start="2026-02-16T15:09:35.188432" elapsed="0.072226"/>
</kw>
<kw name="Agree Terms And Conditions" owner="common_keywords">
<kw name="Click Element" owner="SeleniumLibrary">
<msg time="2026-02-16T15:09:35.262936" level="INFO">Clicking element 'xpath=//*[text()='I accept terms &amp; conditions']'.</msg>
<arg>xpath=//*[text()='I accept terms &amp; conditions']</arg>
<doc>Click the element identified by ``locator``.</doc>
<status status="PASS" start="2026-02-16T15:09:35.262539" elapsed="0.123089"/>
</kw>
<status status="PASS" start="2026-02-16T15:09:35.261944" elapsed="0.123968"/>
</kw>
<kw name="Submit Button" owner="common_keywords">
<kw name="Click Element" owner="SeleniumLibrary">
<msg time="2026-02-16T15:09:35.389315" level="INFO">Clicking element 'xpath=//*[text()='Submit']'.</msg>
<arg>xpath=//*[text()='Submit']</arg>
<doc>Click the element identified by ``locator``.</doc>
<status status="PASS" start="2026-02-16T15:09:35.388870" elapsed="0.114424"/>
</kw>
<status status="PASS" start="2026-02-16T15:09:35.388192" elapsed="0.115329"/>
</kw>
<kw name="Verify Field Is Invalid" owner="invalid_keywords">
<kw name="Wait Until Element Is Visible" owner="SeleniumLibrary">
<arg>id=${field_id}</arg>
<arg>5s</arg>
<doc>Waits until the element ``locator`` is visible.</doc>
<status status="PASS" start="2026-02-16T15:09:35.504975" elapsed="0.024446"/>
</kw>
<kw name="Get Element Attribute" owner="SeleniumLibrary">
<msg time="2026-02-16T15:09:35.564978" level="INFO">${invalid} = true</msg>
<var>${invalid}</var>
<arg>id=${field_id}</arg>
<arg>aria-invalid</arg>
<doc>Returns the value of ``attribute`` from the element ``locator``.</doc>
<status status="PASS" start="2026-02-16T15:09:35.529753" elapsed="0.035316"/>
</kw>
<kw name="Should Be Equal" owner="BuiltIn">
<arg>${invalid}</arg>
<arg>true</arg>
<doc>Fails if the given objects are unequal.</doc>
<status status="PASS" start="2026-02-16T15:09:35.565388" elapsed="0.000898"/>
</kw>
<arg>input_comp-lt33fcsi1</arg>
<status status="PASS" start="2026-02-16T15:09:35.504130" elapsed="0.062381"/>
</kw>
<kw name="Close All Browsers" owner="SeleniumLibrary" type="TEARDOWN">
<doc>Closes all open browsers and resets the browser cache.</doc>
<status status="PASS" start="2026-02-16T15:09:35.567859" elapsed="2.927113"/>
</kw>
<status status="PASS" start="2026-02-16T15:09:29.684065" elapsed="8.812641"/>
</test>
<test id="s1-t5" name="Verify registration form with single fault email address" line="91">
<kw name="Open Web Browser" owner="common_keywords">
<kw name="Open Browser" owner="SeleniumLibrary">
<msg time="2026-02-16T15:09:38.506064" level="INFO">Opening browser 'chrome' to base url 'https://panaryco.wixsite.com/myhotel?utm_source=chatgpt.com'.</msg>
<arg>${WEB_URL}</arg>
<arg>${WEB_BROWSER}</arg>
<doc>Opens a new browser instance to the optional ``url``.</doc>
<status status="PASS" start="2026-02-16T15:09:38.504684" elapsed="2.314868"/>
</kw>
<kw name="Maximize Browser Window" owner="SeleniumLibrary">
<doc>Maximizes current browser window.</doc>
<status status="PASS" start="2026-02-16T15:09:40.819888" elapsed="0.036658"/>
</kw>
<kw name="Sleep" owner="BuiltIn">
<msg time="2026-02-16T15:09:42.858506" level="INFO">Slept 2 seconds.</msg>
<arg>${OPEN_BROWSER_SLEEP}</arg>
<doc>Pauses the test executed for the given time.</doc>
<status status="PASS" start="2026-02-16T15:09:40.856867" elapsed="2.002264"/>
</kw>
<status status="PASS" start="2026-02-16T15:09:38.503055" elapsed="4.356553"/>
</kw>
<kw name="Scroll Down To Bottom" owner="common_keywords">
<kw name="Execute Javascript" owner="SeleniumLibrary">
<msg time="2026-02-16T15:09:42.864474" level="INFO">Executing JavaScript:
window.scrollTo(0, document.body.scrollHeight)
Without any arguments.</msg>
<arg>window.scrollTo(0, document.body.scrollHeight)</arg>
<doc>Executes the given JavaScript code with possible arguments.</doc>
<status status="PASS" start="2026-02-16T15:09:42.862532" elapsed="0.023240"/>
</kw>
<status status="PASS" start="2026-02-16T15:09:42.861031" elapsed="0.025362"/>
</kw>
<kw name="Input Valid Firstname" owner="common_keywords">
<kw name="Input Text" owner="SeleniumLibrary">
<msg time="2026-02-16T15:09:42.898157" level="INFO">Typing text 'First' into text field '//*[@id='input_comp-lt33fcq41']'.</msg>
<arg>//*[@id='input_comp-lt33fcq41']</arg>
<arg>${FIRSTNAME}</arg>
<doc>Types the given ``text`` into the text field identified by ``locator``.</doc>
<status status="PASS" start="2026-02-16T15:09:42.896161" elapsed="0.388458"/>
</kw>
<status status="PASS" start="2026-02-16T15:09:42.894121" elapsed="0.390728"/>
</kw>
<kw name="Verify Text Field Value" owner="common_keywords">
<kw name="Textfield Value Should Be" owner="SeleniumLibrary">
<msg time="2026-02-16T15:09:43.359746" level="INFO">Content of text field 'id=input_comp-lt33fcq41' is 'First'.</msg>
<arg>id=${field_id}</arg>
<arg>${expected_value}</arg>
<doc>Verifies text field ``locator`` has exactly text ``expected``.</doc>
<status status="PASS" start="2026-02-16T15:09:43.286199" elapsed="0.073806"/>
</kw>
<arg>input_comp-lt33fcq41</arg>
<arg>${FIRSTNAME}</arg>
<status status="PASS" start="2026-02-16T15:09:43.285453" elapsed="0.074836"/>
</kw>
<kw name="Input Valid Lastname" owner="common_keywords">
<kw name="Input Text" owner="SeleniumLibrary">
<msg time="2026-02-16T15:09:43.362730" level="INFO">Typing text 'Last' into text field '//*[@id="input_comp-lt33fcs1"]'.</msg>
<arg>//*[@id="input_comp-lt33fcs1"]</arg>
<arg>${LASTNAME}</arg>
<doc>Types the given ``text`` into the text field identified by ``locator``.</doc>
<status status="PASS" start="2026-02-16T15:09:43.362171" elapsed="0.182265"/>
</kw>
<status status="PASS" start="2026-02-16T15:09:43.361301" elapsed="0.183484"/>
</kw>
<kw name="Verify Text Field Value" owner="common_keywords">
<kw name="Textfield Value Should Be" owner="SeleniumLibrary">
<msg time="2026-02-16T15:09:43.583770" level="INFO">Content of text field 'id=input_comp-lt33fcs1' is 'Last'.</msg>
<arg>id=${field_id}</arg>
<arg>${expected_value}</arg>
<doc>Verifies text field ``locator`` has exactly text ``expected``.</doc>
<status status="PASS" start="2026-02-16T15:09:43.546196" elapsed="0.037795"/>
</kw>
<arg>input_comp-lt33fcs1</arg>
<arg>${LASTNAME}</arg>
<status status="PASS" start="2026-02-16T15:09:43.545454" elapsed="0.038749"/>
</kw>
<kw name="Input Valid Phone Number" owner="common_keywords">
<kw name="Input Text" owner="SeleniumLibrary">
<msg time="2026-02-16T15:09:43.585976" level="INFO">Typing text '0123456789' into text field '//*[@id='input_comp-lt33fcsi1']'.</msg>
<arg>//*[@id='input_comp-lt33fcsi1']</arg>
<arg>${PHONE_NUMBER}</arg>
<doc>Types the given ``text`` into the text field identified by ``locator``.</doc>
<status status="PASS" start="2026-02-16T15:09:43.585515" elapsed="0.119389"/>
</kw>
<status status="PASS" start="2026-02-16T15:09:43.584911" elapsed="0.120223"/>
</kw>
<kw name="Verify Text Field Value" owner="common_keywords">
<kw name="Textfield Value Should Be" owner="SeleniumLibrary">
<msg time="2026-02-16T15:09:43.739032" level="INFO">Content of text field 'id=input_comp-lt33fcsi1' is '0123456789'.</msg>
<arg>id=${field_id}</arg>
<arg>${expected_value}</arg>
<doc>Verifies text field ``locator`` has exactly text ``expected``.</doc>
<status status="PASS" start="2026-02-16T15:09:43.706333" elapsed="0.032878"/>
</kw>
<arg>input_comp-lt33fcsi1</arg>
<arg>${PHONE_NUMBER}</arg>
<status status="PASS" start="2026-02-16T15:09:43.705679" elapsed="0.033719"/>
</kw>
<kw name="Input Invalid Email Address" owner="invalid_keywords">
<kw name="Input Text" owner="SeleniumLibrary">
<msg time="2026-02-16T15:09:43.740905" level="INFO">Typing text 'test@' into text field '//*[@id='input_comp-lt33fcsf1']'.</msg>
<arg>//*[@id='input_comp-lt33fcsf1']</arg>
<arg>${INVALID_EMAIL_ADDRESS}</arg>
<doc>Types the given ``text`` into the text field identified by ``locator``.</doc>
<status status="PASS" start="2026-02-16T15:09:43.740463" elapsed="0.222002"/>
</kw>
<status status="PASS" start="2026-02-16T15:09:43.739970" elapsed="0.222711"/>
</kw>
<kw name="Verify Text Field Value" owner="common_keywords">
<kw name="Textfield Value Should Be" owner="SeleniumLibrary">
<msg time="2026-02-16T15:09:44.005805" level="INFO">Content of text field 'id=input_comp-lt33fcsf1' is 'test@'.</msg>
<arg>id=${field_id}</arg>
<arg>${expected_value}</arg>
<doc>Verifies text field ``locator`` has exactly text ``expected``.</doc>
<status status="PASS" start="2026-02-16T15:09:43.964240" elapsed="0.041752"/>
</kw>
<arg>input_comp-lt33fcsf1</arg>
<arg>${INVALID_EMAIL_ADDRESS}</arg>
<status status="PASS" start="2026-02-16T15:09:43.963472" elapsed="0.042717"/>
</kw>
<kw name="Select Number of Adults" owner="common_keywords">
<kw name="Click Element" owner="SeleniumLibrary">
<msg time="2026-02-16T15:09:44.007646" level="INFO">Clicking element '//*[@class='RJZaGO']'.</msg>
<arg>//*[@class='RJZaGO']</arg>
<doc>Click the element identified by ``locator``.</doc>
<status status="PASS" start="2026-02-16T15:09:44.007324" elapsed="0.103566"/>
</kw>
<kw name="Wait Until Element Is Visible" owner="SeleniumLibrary">
<arg>//*[@class = 'P6sHUt' and contains(text(), '3')]</arg>
<doc>Waits until the element ``locator`` is visible.</doc>
<status status="PASS" start="2026-02-16T15:09:44.111288" elapsed="0.048048"/>
</kw>
<kw name="Click Element" owner="SeleniumLibrary">
<msg time="2026-02-16T15:09:44.160078" level="INFO">Clicking element '//*[@class = 'P6sHUt' and contains(text(), '3')]'.</msg>
<arg>//*[@class = 'P6sHUt' and contains(text(), '3')]</arg>
<doc>Click the element identified by ``locator``.</doc>
<status status="PASS" start="2026-02-16T15:09:44.159685" elapsed="0.107556"/>
</kw>
<status status="PASS" start="2026-02-16T15:09:44.006784" elapsed="0.260754"/>
</kw>
<kw name="Select Pet Choice" owner="common_keywords">
<kw name="Click Element" owner="SeleniumLibrary">
<msg time="2026-02-16T15:09:44.269954" level="INFO">Clicking element 'xpath=//*[text()='Yes']'.</msg>
<arg>xpath=//*[text()='${PET_CHOICE}']</arg>
<doc>Click the element identified by ``locator``.</doc>
<status status="PASS" start="2026-02-16T15:09:44.269444" elapsed="0.124738"/>
</kw>
<status status="PASS" start="2026-02-16T15:09:44.268710" elapsed="0.125745"/>
</kw>
<kw name="Input Note" owner="common_keywords">
<kw name="Input Text" owner="SeleniumLibrary">
<msg time="2026-02-16T15:09:44.396219" level="INFO">Typing text 'Note' into text field '//*[@id='input_comp-lt33fct3']'.</msg>
<arg>//*[@id='input_comp-lt33fct3']</arg>
<arg>${NOTE}</arg>
<doc>Types the given ``text`` into the text field identified by ``locator``.</doc>
<status status="PASS" start="2026-02-16T15:09:44.395647" elapsed="0.113296"/>
</kw>
<status status="PASS" start="2026-02-16T15:09:44.395066" elapsed="0.114178"/>
</kw>
<kw name="Verify Text Field Value" owner="common_keywords">
<kw name="Textfield Value Should Be" owner="SeleniumLibrary">
<msg time="2026-02-16T15:09:44.545733" level="INFO">Content of text field 'id=input_comp-lt33fct3' is 'Note'.</msg>
<arg>id=${field_id}</arg>
<arg>${expected_value}</arg>
<doc>Verifies text field ``locator`` has exactly text ``expected``.</doc>
<status status="PASS" start="2026-02-16T15:09:44.510488" elapsed="0.035420"/>
</kw>
<arg>input_comp-lt33fct3</arg>
<arg>${NOTE}</arg>
<status status="PASS" start="2026-02-16T15:09:44.509828" elapsed="0.036262"/>
</kw>
<kw name="Agree Terms And Conditions" owner="common_keywords">
<kw name="Click Element" owner="SeleniumLibrary">
<msg time="2026-02-16T15:09:44.547561" level="INFO">Clicking element 'xpath=//*[text()='I accept terms &amp; conditions']'.</msg>
<arg>xpath=//*[text()='I accept terms &amp; conditions']</arg>
<doc>Click the element identified by ``locator``.</doc>
<status status="PASS" start="2026-02-16T15:09:44.547200" elapsed="0.096743"/>
</kw>
<status status="PASS" start="2026-02-16T15:09:44.546648" elapsed="0.097517"/>
</kw>
<kw name="Submit Button" owner="common_keywords">
<kw name="Click Element" owner="SeleniumLibrary">
<msg time="2026-02-16T15:09:44.645860" level="INFO">Clicking element 'xpath=//*[text()='Submit']'.</msg>
<arg>xpath=//*[text()='Submit']</arg>
<doc>Click the element identified by ``locator``.</doc>
<status status="PASS" start="2026-02-16T15:09:44.645511" elapsed="0.133493"/>
</kw>
<status status="PASS" start="2026-02-16T15:09:44.644940" elapsed="0.134287"/>
</kw>
<kw name="Verify Field Is Invalid" owner="invalid_keywords">
<kw name="Wait Until Element Is Visible" owner="SeleniumLibrary">
<arg>id=${field_id}</arg>
<arg>5s</arg>
<doc>Waits until the element ``locator`` is visible.</doc>
<status status="PASS" start="2026-02-16T15:09:44.780598" elapsed="0.055488"/>
</kw>
<kw name="Get Element Attribute" owner="SeleniumLibrary">
<msg time="2026-02-16T15:09:44.856019" level="INFO">${invalid} = true</msg>
<var>${invalid}</var>
<arg>id=${field_id}</arg>
<arg>aria-invalid</arg>
<doc>Returns the value of ``attribute`` from the element ``locator``.</doc>
<status status="PASS" start="2026-02-16T15:09:44.836425" elapsed="0.019687"/>
</kw>
<kw name="Should Be Equal" owner="BuiltIn">
<arg>${invalid}</arg>
<arg>true</arg>
<doc>Fails if the given objects are unequal.</doc>
<status status="PASS" start="2026-02-16T15:09:44.856425" elapsed="0.000758"/>
</kw>
<arg>input_comp-lt33fcsf1</arg>
<status status="PASS" start="2026-02-16T15:09:44.779889" elapsed="0.077543"/>
</kw>
<kw name="Close All Browsers" owner="SeleniumLibrary" type="TEARDOWN">
<doc>Closes all open browsers and resets the browser cache.</doc>
<status status="PASS" start="2026-02-16T15:09:44.860735" elapsed="2.918862"/>
</kw>
<status status="PASS" start="2026-02-16T15:09:38.500508" elapsed="9.280394"/>
</test>
<test id="s1-t6" name="Verify registration form with single fault number of adults" line="110">
<kw name="Open Web Browser" owner="common_keywords">
<kw name="Open Browser" owner="SeleniumLibrary">
<msg time="2026-02-16T15:09:47.791270" level="INFO">Opening browser 'chrome' to base url 'https://panaryco.wixsite.com/myhotel?utm_source=chatgpt.com'.</msg>
<arg>${WEB_URL}</arg>
<arg>${WEB_BROWSER}</arg>
<doc>Opens a new browser instance to the optional ``url``.</doc>
<status status="PASS" start="2026-02-16T15:09:47.789591" elapsed="2.199525"/>
</kw>
<kw name="Maximize Browser Window" owner="SeleniumLibrary">
<doc>Maximizes current browser window.</doc>
<status status="PASS" start="2026-02-16T15:09:49.989483" elapsed="0.038565"/>
</kw>
<kw name="Sleep" owner="BuiltIn">
<msg time="2026-02-16T15:09:52.029837" level="INFO">Slept 2 seconds.</msg>
<arg>${OPEN_BROWSER_SLEEP}</arg>
<doc>Pauses the test executed for the given time.</doc>
<status status="PASS" start="2026-02-16T15:09:50.028397" elapsed="2.001720"/>
</kw>
<status status="PASS" start="2026-02-16T15:09:47.788127" elapsed="4.242415"/>
</kw>
<kw name="Scroll Down To Bottom" owner="common_keywords">
<kw name="Execute Javascript" owner="SeleniumLibrary">
<msg time="2026-02-16T15:09:52.032859" level="INFO">Executing JavaScript:
window.scrollTo(0, document.body.scrollHeight)
Without any arguments.</msg>
<arg>window.scrollTo(0, document.body.scrollHeight)</arg>
<doc>Executes the given JavaScript code with possible arguments.</doc>
<status status="PASS" start="2026-02-16T15:09:52.032007" elapsed="0.016126"/>
</kw>
<status status="PASS" start="2026-02-16T15:09:52.031226" elapsed="0.017199"/>
</kw>
<kw name="Input Valid Firstname" owner="common_keywords">
<kw name="Input Text" owner="SeleniumLibrary">
<msg time="2026-02-16T15:09:52.050771" level="INFO">Typing text 'First' into text field '//*[@id='input_comp-lt33fcq41']'.</msg>
<arg>//*[@id='input_comp-lt33fcq41']</arg>
<arg>${FIRSTNAME}</arg>
<doc>Types the given ``text`` into the text field identified by ``locator``.</doc>
<status status="PASS" start="2026-02-16T15:09:52.050181" elapsed="0.163204"/>
</kw>
<status status="PASS" start="2026-02-16T15:09:52.049316" elapsed="0.164279"/>
</kw>
<kw name="Verify Text Field Value" owner="common_keywords">
<kw name="Textfield Value Should Be" owner="SeleniumLibrary">
<msg time="2026-02-16T15:09:52.254073" level="INFO">Content of text field 'id=input_comp-lt33fcq41' is 'First'.</msg>
<arg>id=${field_id}</arg>
<arg>${expected_value}</arg>
<doc>Verifies text field ``locator`` has exactly text ``expected``.</doc>
<status status="PASS" start="2026-02-16T15:09:52.214876" elapsed="0.039373"/>
</kw>
<arg>input_comp-lt33fcq41</arg>
<arg>${FIRSTNAME}</arg>
<status status="PASS" start="2026-02-16T15:09:52.214177" elapsed="0.040259"/>
</kw>
<kw name="Input Valid Lastname" owner="common_keywords">
<kw name="Input Text" owner="SeleniumLibrary">
<msg time="2026-02-16T15:09:52.255889" level="INFO">Typing text 'Last' into text field '//*[@id="input_comp-lt33fcs1"]'.</msg>
<arg>//*[@id="input_comp-lt33fcs1"]</arg>
<arg>${LASTNAME}</arg>
<doc>Types the given ``text`` into the text field identified by ``locator``.</doc>
<status status="PASS" start="2026-02-16T15:09:52.255505" elapsed="0.155797"/>
</kw>
<status status="PASS" start="2026-02-16T15:09:52.255018" elapsed="0.156495"/>
</kw>
<kw name="Verify Text Field Value" owner="common_keywords">
<kw name="Textfield Value Should Be" owner="SeleniumLibrary">
<msg time="2026-02-16T15:09:52.461135" level="INFO">Content of text field 'id=input_comp-lt33fcs1' is 'Last'.</msg>
<arg>id=${field_id}</arg>
<arg>${expected_value}</arg>
<doc>Verifies text field ``locator`` has exactly text ``expected``.</doc>
<status status="PASS" start="2026-02-16T15:09:52.412751" elapsed="0.048571"/>
</kw>
<arg>input_comp-lt33fcs1</arg>
<arg>${LASTNAME}</arg>
<status status="PASS" start="2026-02-16T15:09:52.412096" elapsed="0.049424"/>
</kw>
<kw name="Input Valid Phone Number" owner="common_keywords">
<kw name="Input Text" owner="SeleniumLibrary">
<msg time="2026-02-16T15:09:52.462967" level="INFO">Typing text '0123456789' into text field '//*[@id='input_comp-lt33fcsi1']'.</msg>
<arg>//*[@id='input_comp-lt33fcsi1']</arg>
<arg>${PHONE_NUMBER}</arg>
<doc>Types the given ``text`` into the text field identified by ``locator``.</doc>
<status status="PASS" start="2026-02-16T15:09:52.462587" elapsed="0.136755"/>
</kw>
<status status="PASS" start="2026-02-16T15:09:52.462083" elapsed="0.137476"/>
</kw>
<kw name="Verify Text Field Value" owner="common_keywords">
<kw name="Textfield Value Should Be" owner="SeleniumLibrary">
<msg time="2026-02-16T15:09:52.649715" level="INFO">Content of text field 'id=input_comp-lt33fcsi1' is '0123456789'.</msg>
<arg>id=${field_id}</arg>
<arg>${expected_value}</arg>
<doc>Verifies text field ``locator`` has exactly text ``expected``.</doc>
<status status="PASS" start="2026-02-16T15:09:52.600813" elapsed="0.049090"/>
</kw>
<arg>input_comp-lt33fcsi1</arg>
<arg>${PHONE_NUMBER}</arg>
<status status="PASS" start="2026-02-16T15:09:52.600116" elapsed="0.049975"/>
</kw>
<kw name="Input Valid Email Address" owner="common_keywords">
<kw name="Input Text" owner="SeleniumLibrary">
<msg time="2026-02-16T15:09:52.651861" level="INFO">Typing text 'FirstLast@gmail.com' into text field '//*[@id='input_comp-lt33fcsf1']'.</msg>
<arg>//*[@id='input_comp-lt33fcsf1']</arg>
<arg>${EMAIL_ADDRESS}</arg>
<doc>Types the given ``text`` into the text field identified by ``locator``.</doc>
<status status="PASS" start="2026-02-16T15:09:52.651321" elapsed="0.138540"/>
</kw>
<status status="PASS" start="2026-02-16T15:09:52.650718" elapsed="0.139398"/>
</kw>
<kw name="Verify Text Field Value" owner="common_keywords">
<kw name="Textfield Value Should Be" owner="SeleniumLibrary">
<msg time="2026-02-16T15:09:52.826727" level="INFO">Content of text field 'id=input_comp-lt33fcsf1' is 'FirstLast@gmail.com'.</msg>
<arg>id=${field_id}</arg>
<arg>${expected_value}</arg>
<doc>Verifies text field ``locator`` has exactly text ``expected``.</doc>
<status status="PASS" start="2026-02-16T15:09:52.791828" elapsed="0.035068"/>
</kw>
<arg>input_comp-lt33fcsf1</arg>
<arg>${EMAIL_ADDRESS}</arg>
<status status="PASS" start="2026-02-16T15:09:52.791156" elapsed="0.035920"/>
</kw>
<kw name="Select Invalid Number of Adults" owner="invalid_keywords">
<kw name="No Operation" owner="BuiltIn">
<doc>Does absolutely nothing.</doc>
<status status="PASS" start="2026-02-16T15:09:52.828121" elapsed="0.000436"/>
</kw>
<status status="PASS" start="2026-02-16T15:09:52.827647" elapsed="0.001039"/>
</kw>
<kw name="Select Pet Choice" owner="common_keywords">
<kw name="Click Element" owner="SeleniumLibrary">
<msg time="2026-02-16T15:09:52.829962" level="INFO">Clicking element 'xpath=//*[text()='Yes']'.</msg>
<arg>xpath=//*[text()='${PET_CHOICE}']</arg>
<doc>Click the element identified by ``locator``.</doc>
<status status="PASS" start="2026-02-16T15:09:52.829568" elapsed="0.084860"/>
</kw>
<status status="PASS" start="2026-02-16T15:09:52.829149" elapsed="0.085527"/>
</kw>
<kw name="Input Note" owner="common_keywords">
<kw name="Input Text" owner="SeleniumLibrary">
<msg time="2026-02-16T15:09:52.916177" level="INFO">Typing text 'Note' into text field '//*[@id='input_comp-lt33fct3']'.</msg>
<arg>//*[@id='input_comp-lt33fct3']</arg>
<arg>${NOTE}</arg>
<doc>Types the given ``text`` into the text field identified by ``locator``.</doc>
<status status="PASS" start="2026-02-16T15:09:52.915779" elapsed="0.146113"/>
</kw>
<status status="PASS" start="2026-02-16T15:09:52.915270" elapsed="0.146861"/>
</kw>
<kw name="Verify Text Field Value" owner="common_keywords">
<kw name="Textfield Value Should Be" owner="SeleniumLibrary">
<msg time="2026-02-16T15:09:53.101479" level="INFO">Content of text field 'id=input_comp-lt33fct3' is 'Note'.</msg>
<arg>id=${field_id}</arg>
<arg>${expected_value}</arg>
<doc>Verifies text field ``locator`` has exactly text ``expected``.</doc>
<status status="PASS" start="2026-02-16T15:09:53.063517" elapsed="0.038146"/>
</kw>
<arg>input_comp-lt33fct3</arg>
<arg>${NOTE}</arg>
<status status="PASS" start="2026-02-16T15:09:53.062793" elapsed="0.039052"/>
</kw>
<kw name="Agree Terms And Conditions" owner="common_keywords">
<kw name="Click Element" owner="SeleniumLibrary">
<msg time="2026-02-16T15:09:53.103212" level="INFO">Clicking element 'xpath=//*[text()='I accept terms &amp; conditions']'.</msg>
<arg>xpath=//*[text()='I accept terms &amp; conditions']</arg>
<doc>Click the element identified by ``locator``.</doc>
<status status="PASS" start="2026-02-16T15:09:53.102900" elapsed="0.120958"/>
</kw>
<status status="PASS" start="2026-02-16T15:09:53.102432" elapsed="0.121635"/>
</kw>
<kw name="Submit Button" owner="common_keywords">
<kw name="Click Element" owner="SeleniumLibrary">
<msg time="2026-02-16T15:09:53.225484" level="INFO">Clicking element 'xpath=//*[text()='Submit']'.</msg>
<arg>xpath=//*[text()='Submit']</arg>
<doc>Click the element identified by ``locator``.</doc>
<status status="PASS" start="2026-02-16T15:09:53.225127" elapsed="0.118078"/>
</kw>
<status status="PASS" start="2026-02-16T15:09:53.224620" elapsed="0.119015"/>
</kw>
<kw name="Verify Field Is Invalid" owner="invalid_keywords">
<kw name="Wait Until Element Is Visible" owner="SeleniumLibrary">
<arg>id=${field_id}</arg>
<arg>5s</arg>
<doc>Waits until the element ``locator`` is visible.</doc>
<status status="PASS" start="2026-02-16T15:09:53.344903" elapsed="0.045915"/>
</kw>
<kw name="Get Element Attribute" owner="SeleniumLibrary">
<msg time="2026-02-16T15:09:53.410322" level="INFO">${invalid} = true</msg>
<var>${invalid}</var>
<arg>id=${field_id}</arg>
<arg>aria-invalid</arg>
<doc>Returns the value of ``attribute`` from the element ``locator``.</doc>
<status status="PASS" start="2026-02-16T15:09:53.391202" elapsed="0.019211"/>
</kw>
<kw name="Should Be Equal" owner="BuiltIn">
<arg>${invalid}</arg>
<arg>true</arg>
<doc>Fails if the given objects are unequal.</doc>
<status status="PASS" start="2026-02-16T15:09:53.410713" elapsed="0.000670"/>
</kw>
<arg>collection_comp-lt33fcsl1</arg>
<status status="PASS" start="2026-02-16T15:09:53.344248" elapsed="0.067311"/>
</kw>
<kw name="Close All Browsers" owner="SeleniumLibrary" type="TEARDOWN">
<doc>Closes all open browsers and resets the browser cache.</doc>
<status status="PASS" start="2026-02-16T15:09:53.412575" elapsed="2.838418"/>
</kw>
<status status="PASS" start="2026-02-16T15:09:47.784502" elapsed="8.466846"/>
</test>
<status status="PASS" start="2026-02-16T15:09:03.273177" elapsed="52.981195"/>
</suite>
<statistics>
<total>
<stat pass="6" fail="0" skip="0">All Tests</stat>
</total>
<tag>
<stat pass="1" fail="0" skip="0">All Input</stat>
</tag>
<suite>
<stat name="Verify Registration Form" id="s1" pass="6" fail="0" skip="0">Verify Registration Form</stat>
</suite>
</statistics>
<errors>
</errors>
</robot>
