<?xml version="1.0" encoding="UTF-8"?>
<robot generator="Robot 7.4.1 (Python 3.13.11 on win32)" generated="2026-02-16T15:06:31.688952" rpa="false" schemaversion="5">
<suite id="s1" name="Verify Registration Form" source="E:\CEDT\SW Testing\practical-sw-testing\Week6_Robot\testcase\verify_registration_form.robot">
<test id="s1-t1" name="Verify registration form with all input field" line="9">
<kw name="Open Web Browser" owner="common_keywords">
<kw name="Open Browser" owner="SeleniumLibrary">
<msg time="2026-02-16T15:06:32.448136" level="INFO">Opening browser 'chrome' to base url 'https://panaryco.wixsite.com/myhotel?utm_source=chatgpt.com'.</msg>
<arg>${WEB_URL}</arg>
<arg>${WEB_BROWSER}</arg>
<doc>Opens a new browser instance to the optional ``url``.</doc>
<status status="PASS" start="2026-02-16T15:06:32.447075" elapsed="1.897375"/>
</kw>
<kw name="Maximize Browser Window" owner="SeleniumLibrary">
<doc>Maximizes current browser window.</doc>
<status status="PASS" start="2026-02-16T15:06:34.344931" elapsed="0.036741"/>
</kw>
<kw name="Sleep" owner="BuiltIn">
<msg time="2026-02-16T15:06:36.383380" level="INFO">Slept 2 seconds.</msg>
<arg>${OPEN_BROWSER_SLEEP}</arg>
<doc>Pauses the test executed for the given time.</doc>
<status status="PASS" start="2026-02-16T15:06:34.382028" elapsed="2.001569"/>
</kw>
<status status="PASS" start="2026-02-16T15:06:32.446140" elapsed="3.937660"/>
</kw>
<kw name="Scroll Down To Bottom" owner="common_keywords">
<kw name="Execute Javascript" owner="SeleniumLibrary">
<msg time="2026-02-16T15:06:36.386089" level="INFO">Executing JavaScript:
window.scrollTo(0, document.body.scrollHeight)
Without any arguments.</msg>
<arg>window.scrollTo(0, document.body.scrollHeight)</arg>
<doc>Executes the given JavaScript code with possible arguments.</doc>
<status status="PASS" start="2026-02-16T15:06:36.385250" elapsed="0.009818"/>
</kw>
<status status="PASS" start="2026-02-16T15:06:36.384435" elapsed="0.010901"/>
</kw>
<kw name="Input Valid Firstname" owner="common_keywords">
<kw name="Input Text" owner="SeleniumLibrary">
<msg time="2026-02-16T15:06:36.397262" level="INFO">Typing text 'First' into text field '//*[@id='input_comp-lt33fcq41']'.</msg>
<arg>//*[@id='input_comp-lt33fcq41']</arg>
<arg>${FIRSTNAME}</arg>
<doc>Types the given ``text`` into the text field identified by ``locator``.</doc>
<status status="PASS" start="2026-02-16T15:06:36.396591" elapsed="0.155459"/>
</kw>
<status status="PASS" start="2026-02-16T15:06:36.395996" elapsed="0.156296"/>
</kw>
<kw name="Verify Text Field Value" owner="common_keywords">
<kw name="Textfield Value Should Be" owner="SeleniumLibrary">
<msg time="2026-02-16T15:06:36.596517" level="INFO">Content of text field 'id=input_comp-lt33fcq41' is 'First'.</msg>
<arg>id=${field_id}</arg>
<arg>${expected_value}</arg>
<doc>Verifies text field ``locator`` has exactly text ``expected``.</doc>
<status status="PASS" start="2026-02-16T15:06:36.553580" elapsed="0.043159"/>
</kw>
<arg>input_comp-lt33fcq41</arg>
<arg>${FIRSTNAME}</arg>
<status status="PASS" start="2026-02-16T15:06:36.552900" elapsed="0.044062"/>
</kw>
<kw name="Input Valid Lastname" owner="common_keywords">
<kw name="Input Text" owner="SeleniumLibrary">
<msg time="2026-02-16T15:06:36.598581" level="INFO">Typing text 'Last' into text field '//*[@id="input_comp-lt33fcs1"]'.</msg>
<arg>//*[@id="input_comp-lt33fcs1"]</arg>
<arg>${LASTNAME}</arg>
<doc>Types the given ``text`` into the text field identified by ``locator``.</doc>
<status status="PASS" start="2026-02-16T15:06:36.598185" elapsed="0.163798"/>
</kw>
<status status="PASS" start="2026-02-16T15:06:36.597645" elapsed="0.164574"/>
</kw>
<kw name="Verify Text Field Value" owner="common_keywords">
<kw name="Textfield Value Should Be" owner="SeleniumLibrary">
<msg time="2026-02-16T15:06:36.808241" level="INFO">Content of text field 'id=input_comp-lt33fcs1' is 'Last'.</msg>
<arg>id=${field_id}</arg>
<arg>${expected_value}</arg>
<doc>Verifies text field ``locator`` has exactly text ``expected``.</doc>
<status status="PASS" start="2026-02-16T15:06:36.764232" elapsed="0.044222"/>
</kw>
<arg>input_comp-lt33fcs1</arg>
<arg>${LASTNAME}</arg>
<status status="PASS" start="2026-02-16T15:06:36.763507" elapsed="0.045149"/>
</kw>
<kw name="Input Valid Phone Number" owner="common_keywords">
<kw name="Input Text" owner="SeleniumLibrary">
<msg time="2026-02-16T15:06:36.810281" level="INFO">Typing text '0123456789' into text field '//*[@id='input_comp-lt33fcsi1']'.</msg>
<arg>//*[@id='input_comp-lt33fcsi1']</arg>
<arg>${PHONE_NUMBER}</arg>
<doc>Types the given ``text`` into the text field identified by ``locator``.</doc>
<status status="PASS" start="2026-02-16T15:06:36.809854" elapsed="0.179898"/>
</kw>
<status status="PASS" start="2026-02-16T15:06:36.809303" elapsed="0.180692"/>
</kw>
<kw name="Verify Text Field Value" owner="common_keywords">
<kw name="Textfield Value Should Be" owner="SeleniumLibrary">
<msg time="2026-02-16T15:06:37.044058" level="INFO">Content of text field 'id=input_comp-lt33fcsi1' is '0123456789'.</msg>
<arg>id=${field_id}</arg>
<arg>${expected_value}</arg>
<doc>Verifies text field ``locator`` has exactly text ``expected``.</doc>
<status status="PASS" start="2026-02-16T15:06:36.991322" elapsed="0.052936"/>
</kw>
<arg>input_comp-lt33fcsi1</arg>
<arg>${PHONE_NUMBER}</arg>
<status status="PASS" start="2026-02-16T15:06:36.990583" elapsed="0.053871"/>
</kw>
<kw name="Input Valid Email Address" owner="common_keywords">
<kw name="Input Text" owner="SeleniumLibrary">
<msg time="2026-02-16T15:06:37.046139" level="INFO">Typing text 'FirstLast@gmail.com' into text field '//*[@id='input_comp-lt33fcsf1']'.</msg>
<arg>//*[@id='input_comp-lt33fcsf1']</arg>
<arg>${EMAIL_ADDRESS}</arg>
<doc>Types the given ``text`` into the text field identified by ``locator``.</doc>
<status status="PASS" start="2026-02-16T15:06:37.045712" elapsed="0.150912"/>
</kw>
<status status="PASS" start="2026-02-16T15:06:37.045076" elapsed="0.151760"/>
</kw>
<kw name="Verify Text Field Value" owner="common_keywords">
<kw name="Textfield Value Should Be" owner="SeleniumLibrary">
<msg time="2026-02-16T15:06:37.234211" level="INFO">Content of text field 'id=input_comp-lt33fcsf1' is 'FirstLast@gmail.com'.</msg>
<arg>id=${field_id}</arg>
<arg>${expected_value}</arg>
<doc>Verifies text field ``locator`` has exactly text ``expected``.</doc>
<status status="PASS" start="2026-02-16T15:06:37.198375" elapsed="0.036010"/>
</kw>
<arg>input_comp-lt33fcsf1</arg>
<arg>${EMAIL_ADDRESS}</arg>
<status status="PASS" start="2026-02-16T15:06:37.197662" elapsed="0.036905"/>
</kw>
<kw name="Select Number of Adults" owner="common_keywords">
<kw name="Click Element" owner="SeleniumLibrary">
<msg time="2026-02-16T15:06:37.236025" level="INFO">Clicking element '//*[@class='RJZaGO']'.</msg>
<arg>//*[@class='RJZaGO']</arg>
<doc>Click the element identified by ``locator``.</doc>
<status status="PASS" start="2026-02-16T15:06:37.235700" elapsed="0.126018"/>
</kw>
<kw name="Wait Until Element Is Visible" owner="SeleniumLibrary">
<arg>//*[@class = 'P6sHUt' and contains(text(), '3')]</arg>
<doc>Waits until the element ``locator`` is visible.</doc>
<status status="PASS" start="2026-02-16T15:06:37.362073" elapsed="0.025723"/>
</kw>
<kw name="Click Element" owner="SeleniumLibrary">
<msg time="2026-02-16T15:06:37.388533" level="INFO">Clicking element '//*[@class = 'P6sHUt' and contains(text(), '3')]'.</msg>
<arg>//*[@class = 'P6sHUt' and contains(text(), '3')]</arg>
<doc>Click the element identified by ``locator``.</doc>
<status status="PASS" start="2026-02-16T15:06:37.388139" elapsed="0.077940"/>
</kw>
<status status="PASS" start="2026-02-16T15:06:37.235173" elapsed="0.231122"/>
</kw>
<kw name="Select Pet Choice" owner="common_keywords">
<kw name="Click Element" owner="SeleniumLibrary">
<msg time="2026-02-16T15:06:37.468232" level="INFO">Clicking element 'xpath=//*[text()='Yes']'.</msg>
<arg>xpath=//*[text()='${PET_CHOICE}']</arg>
<doc>Click the element identified by ``locator``.</doc>
<status status="PASS" start="2026-02-16T15:06:37.467672" elapsed="0.103291"/>
</kw>
<status status="PASS" start="2026-02-16T15:06:37.466976" elapsed="0.104462"/>
</kw>
<kw name="Input Note" owner="common_keywords">
<kw name="Input Text" owner="SeleniumLibrary">
<msg time="2026-02-16T15:06:37.572988" level="INFO">Typing text 'Note' into text field '//*[@id='input_comp-lt33fct3']'.</msg>
<arg>//*[@id='input_comp-lt33fct3']</arg>
<arg>${NOTE}</arg>
<doc>Types the given ``text`` into the text field identified by ``locator``.</doc>
<status status="PASS" start="2026-02-16T15:06:37.572563" elapsed="0.133603"/>
</kw>
<status status="PASS" start="2026-02-16T15:06:37.572030" elapsed="0.134342"/>
</kw>
<kw name="Verify Text Field Value" owner="common_keywords">
<kw name="Textfield Value Should Be" owner="SeleniumLibrary">
<msg time="2026-02-16T15:06:37.741626" level="INFO">Content of text field 'id=input_comp-lt33fct3' is 'Note'.</msg>
<arg>id=${field_id}</arg>
<arg>${expected_value}</arg>
<doc>Verifies text field ``locator`` has exactly text ``expected``.</doc>
<status status="PASS" start="2026-02-16T15:06:37.707836" elapsed="0.033992"/>
</kw>
<arg>input_comp-lt33fct3</arg>
<arg>${NOTE}</arg>
<status status="PASS" start="2026-02-16T15:06:37.707061" elapsed="0.034967"/>
</kw>
<kw name="Agree Terms And Conditions" owner="common_keywords">
<kw name="Click Element" owner="SeleniumLibrary">
<msg time="2026-02-16T15:06:37.743508" level="INFO">Clicking element 'xpath=//*[text()='I accept terms &amp; conditions']'.</msg>
<arg>xpath=//*[text()='I accept terms &amp; conditions']</arg>
<doc>Click the element identified by ``locator``.</doc>
<status status="PASS" start="2026-02-16T15:06:37.743165" elapsed="0.081902"/>
</kw>
<status status="PASS" start="2026-02-16T15:06:37.742632" elapsed="0.082660"/>
</kw>
<kw name="Close All Browsers" owner="SeleniumLibrary" type="TEARDOWN">
<doc>Closes all open browsers and resets the browser cache.</doc>
<status status="PASS" start="2026-02-16T15:06:37.826005" elapsed="2.775060"/>
</kw>
<tag>All Input</tag>
<status status="PASS" start="2026-02-16T15:06:32.444941" elapsed="8.156476"/>
</test>
<test id="s1-t2" name="Verify registration form with single fault firstname" line="30">
<kw name="Open Web Browser" owner="common_keywords">
<kw name="Open Browser" owner="SeleniumLibrary">
<msg time="2026-02-16T15:06:40.603722" level="INFO">Opening browser 'chrome' to base url 'https://panaryco.wixsite.com/myhotel?utm_source=chatgpt.com'.</msg>
<arg>${WEB_URL}</arg>
<arg>${WEB_BROWSER}</arg>
<doc>Opens a new browser instance to the optional ``url``.</doc>
<status status="PASS" start="2026-02-16T15:06:40.603461" elapsed="2.167642"/>
</kw>
<kw name="Maximize Browser Window" owner="SeleniumLibrary">
<doc>Maximizes current browser window.</doc>
<status status="PASS" start="2026-02-16T15:06:42.771671" elapsed="0.033611"/>
</kw>
<kw name="Sleep" owner="BuiltIn">
<msg time="2026-02-16T15:06:44.806947" level="INFO">Slept 2 seconds.</msg>
<arg>${OPEN_BROWSER_SLEEP}</arg>
<doc>Pauses the test executed for the given time.</doc>
<status status="PASS" start="2026-02-16T15:06:42.805666" elapsed="2.001506"/>
</kw>
<status status="PASS" start="2026-02-16T15:06:40.603087" elapsed="4.204292"/>
</kw>
<kw name="Scroll Down To Bottom" owner="common_keywords">
<kw name="Execute Javascript" owner="SeleniumLibrary">
<msg time="2026-02-16T15:06:44.809857" level="INFO">Executing JavaScript:
window.scrollTo(0, document.body.scrollHeight)
Without any arguments.</msg>
<arg>window.scrollTo(0, document.body.scrollHeight)</arg>
<doc>Executes the given JavaScript code with possible arguments.</doc>
<status status="PASS" start="2026-02-16T15:06:44.808733" elapsed="0.011271"/>
</kw>
<status status="PASS" start="2026-02-16T15:06:44.808076" elapsed="0.012212"/>
</kw>
<kw name="Input Invalid Firstname" owner="invalid_keywords">
<kw name="Input Text" owner="SeleniumLibrary">
<msg time="2026-02-16T15:06:44.823417" level="INFO">Typing text '' into text field '//*[@id='input_comp-lt33fcq41']'.</msg>
<arg>//*[@id='input_comp-lt33fcq41']</arg>
<arg>${INVALID_FIRSTNAME}</arg>
<doc>Types the given ``text`` into the text field identified by ``locator``.</doc>
<status status="PASS" start="2026-02-16T15:06:44.822691" elapsed="0.162585"/>
</kw>
<status status="PASS" start="2026-02-16T15:06:44.822014" elapsed="0.163706"/>
</kw>
<kw name="Verify Text Field Value" owner="common_keywords">
<kw name="Textfield Value Should Be" owner="SeleniumLibrary">
<msg time="2026-02-16T15:06:45.040695" level="INFO">Content of text field 'id=input_comp-lt33fcq41' is ''.</msg>
<arg>id=${field_id}</arg>
<arg>${expected_value}</arg>
<doc>Verifies text field ``locator`` has exactly text ``expected``.</doc>
<status status="PASS" start="2026-02-16T15:06:44.987281" elapsed="0.053624"/>
</kw>
<arg>input_comp-lt33fcq41</arg>
<arg>${INVALID_FIRSTNAME}</arg>
<status status="PASS" start="2026-02-16T15:06:44.986495" elapsed="0.054711"/>
</kw>
<kw name="Input Valid Lastname" owner="common_keywords">
<kw name="Input Text" owner="SeleniumLibrary">
<msg time="2026-02-16T15:06:45.043799" level="INFO">Typing text 'Last' into text field '//*[@id="input_comp-lt33fcs1"]'.</msg>
<arg>//*[@id="input_comp-lt33fcs1"]</arg>
<arg>${LASTNAME}</arg>
<doc>Types the given ``text`` into the text field identified by ``locator``.</doc>
<status status="PASS" start="2026-02-16T15:06:45.043323" elapsed="0.149010"/>
</kw>
<status status="PASS" start="2026-02-16T15:06:45.041867" elapsed="0.150737"/>
</kw>
<kw name="Verify Text Field Value" owner="common_keywords">
<kw name="Textfield Value Should Be" owner="SeleniumLibrary">
<msg time="2026-02-16T15:06:45.228983" level="INFO">Content of text field 'id=input_comp-lt33fcs1' is 'Last'.</msg>
<arg>id=${field_id}</arg>
<arg>${expected_value}</arg>
<doc>Verifies text field ``locator`` has exactly text ``expected``.</doc>
<status status="PASS" start="2026-02-16T15:06:45.194055" elapsed="0.035107"/>
</kw>
<arg>input_comp-lt33fcs1</arg>
<arg>${LASTNAME}</arg>
<status status="PASS" start="2026-02-16T15:06:45.193301" elapsed="0.036047"/>
</kw>
<kw name="Input Valid Phone Number" owner="common_keywords">
<kw name="Input Text" owner="SeleniumLibrary">
<msg time="2026-02-16T15:06:45.230894" level="INFO">Typing text '0123456789' into text field '//*[@id='input_comp-lt33fcsi1']'.</msg>
<arg>//*[@id='input_comp-lt33fcsi1']</arg>
<arg>${PHONE_NUMBER}</arg>
<doc>Types the given ``text`` into the text field identified by ``locator``.</doc>
<status status="PASS" start="2026-02-16T15:06:45.230498" elapsed="0.155435"/>
</kw>
<status status="PASS" start="2026-02-16T15:06:45.229952" elapsed="0.156196"/>
</kw>
<kw name="Verify Text Field Value" owner="common_keywords">
<kw name="Textfield Value Should Be" owner="SeleniumLibrary">
<msg time="2026-02-16T15:06:45.438376" level="INFO">Content of text field 'id=input_comp-lt33fcsi1' is '0123456789'.</msg>
<arg>id=${field_id}</arg>
<arg>${expected_value}</arg>
<doc>Verifies text field ``locator`` has exactly text ``expected``.</doc>
<status status="PASS" start="2026-02-16T15:06:45.387558" elapsed="0.050991"/>
</kw>
<arg>input_comp-lt33fcsi1</arg>
<arg>${PHONE_NUMBER}</arg>
<status status="PASS" start="2026-02-16T15:06:45.386844" elapsed="0.051886"/>
</kw>
<kw name="Input Valid Email Address" owner="common_keywords">
<kw name="Input Text" owner="SeleniumLibrary">
<msg time="2026-02-16T15:06:45.440332" level="INFO">Typing text 'FirstLast@gmail.com' into text field '//*[@id='input_comp-lt33fcsf1']'.</msg>
<arg>//*[@id='input_comp-lt33fcsf1']</arg>
<arg>${EMAIL_ADDRESS}</arg>
<doc>Types the given ``text`` into the text field identified by ``locator``.</doc>
<status status="PASS" start="2026-02-16T15:06:45.439904" elapsed="0.163543"/>
</kw>
<status status="PASS" start="2026-02-16T15:06:45.439278" elapsed="0.164384"/>
</kw>
<kw name="Verify Text Field Value" owner="common_keywords">
<kw name="Textfield Value Should Be" owner="SeleniumLibrary">
<msg time="2026-02-16T15:06:45.642301" level="INFO">Content of text field 'id=input_comp-lt33fcsf1' is 'FirstLast@gmail.com'.</msg>
<arg>id=${field_id}</arg>
<arg>${expected_value}</arg>
<doc>Verifies text field ``locator`` has exactly text ``expected``.</doc>
<status status="PASS" start="2026-02-16T15:06:45.605290" elapsed="0.037197"/>
</kw>
<arg>input_comp-lt33fcsf1</arg>
<arg>${EMAIL_ADDRESS}</arg>
<status status="PASS" start="2026-02-16T15:06:45.604534" elapsed="0.038368"/>
</kw>
<kw name="Select Number of Adults" owner="common_keywords">
<kw name="Click Element" owner="SeleniumLibrary">
<msg time="2026-02-16T15:06:45.644541" level="INFO">Clicking element '//*[@class='RJZaGO']'.</msg>
<arg>//*[@class='RJZaGO']</arg>
<doc>Click the element identified by ``locator``.</doc>
<status status="PASS" start="2026-02-16T15:06:45.644174" elapsed="0.096880"/>
</kw>
<kw name="Wait Until Element Is Visible" owner="SeleniumLibrary">
<arg>//*[@class = 'P6sHUt' and contains(text(), '3')]</arg>
<doc>Waits until the element ``locator`` is visible.</doc>
<status status="PASS" start="2026-02-16T15:06:45.741430" elapsed="0.051035"/>
</kw>
<kw name="Click Element" owner="SeleniumLibrary">
<msg time="2026-02-16T15:06:45.793142" level="INFO">Clicking element '//*[@class = 'P6sHUt' and contains(text(), '3')]'.</msg>
<arg>//*[@class = 'P6sHUt' and contains(text(), '3')]</arg>
<doc>Click the element identified by ``locator``.</doc>
<status status="PASS" start="2026-02-16T15:06:45.792799" elapsed="0.095870"/>
</kw>
<status status="PASS" start="2026-02-16T15:06:45.643559" elapsed="0.245338"/>
</kw>
<kw name="Select Pet Choice" owner="common_keywords">
<kw name="Click Element" owner="SeleniumLibrary">
<msg time="2026-02-16T15:06:45.890999" level="INFO">Clicking element 'xpath=//*[text()='Yes']'.</msg>
<arg>xpath=//*[text()='${PET_CHOICE}']</arg>
<doc>Click the element identified by ``locator``.</doc>
<status status="PASS" start="2026-02-16T15:06:45.890254" elapsed="0.104928"/>
</kw>
<status status="PASS" start="2026-02-16T15:06:45.889598" elapsed="0.105825"/>
</kw>
<kw name="Input Note" owner="common_keywords">
<kw name="Input Text" owner="SeleniumLibrary">
<msg time="2026-02-16T15:06:45.997063" level="INFO">Typing text 'Note' into text field '//*[@id='input_comp-lt33fct3']'.</msg>
<arg>//*[@id='input_comp-lt33fct3']</arg>
<arg>${NOTE}</arg>
<doc>Types the given ``text`` into the text field identified by ``locator``.</doc>
<status status="PASS" start="2026-02-16T15:06:45.996635" elapsed="0.133804"/>
</kw>
<status status="PASS" start="2026-02-16T15:06:45.996092" elapsed="0.134584"/>
</kw>
<kw name="Verify Text Field Value" owner="common_keywords">
<kw name="Textfield Value Should Be" owner="SeleniumLibrary">
<msg time="2026-02-16T15:06:46.165706" level="INFO">Content of text field 'id=input_comp-lt33fct3' is 'Note'.</msg>
<arg>id=${field_id}</arg>
<arg>${expected_value}</arg>
<doc>Verifies text field ``locator`` has exactly text ``expected``.</doc>
<status status="PASS" start="2026-02-16T15:06:46.131913" elapsed="0.034007"/>
</kw>
<arg>input_comp-lt33fct3</arg>
<arg>${NOTE}</arg>
<status status="PASS" start="2026-02-16T15:06:46.131248" elapsed="0.034879"/>
</kw>
<kw name="Agree Terms And Conditions" owner="common_keywords">
<kw name="Click Element" owner="SeleniumLibrary">
<msg time="2026-02-16T15:06:46.167672" level="INFO">Clicking element 'xpath=//*[text()='I accept terms &amp; conditions']'.</msg>
<arg>xpath=//*[text()='I accept terms &amp; conditions']</arg>
<doc>Click the element identified by ``locator``.</doc>
<status status="PASS" start="2026-02-16T15:06:46.167263" elapsed="0.081807"/>
</kw>
<status status="PASS" start="2026-02-16T15:06:46.166720" elapsed="0.082591"/>
</kw>
<kw name="Submit Button" owner="common_keywords">
<kw name="Click Element" owner="SeleniumLibrary">
<msg time="2026-02-16T15:06:46.250938" level="INFO">Clicking element 'xpath=//*[text()='Submit']'.</msg>
<arg>xpath=//*[text()='Submit']</arg>
<doc>Click the element identified by ``locator``.</doc>
<status status="PASS" start="2026-02-16T15:06:46.250580" elapsed="0.108220"/>
</kw>
<status status="PASS" start="2026-02-16T15:06:46.249980" elapsed="0.109048"/>
</kw>
<kw name="Verify Field Is Invalid" owner="invalid_keywords">
<kw name="Wait Until Element Is Visible" owner="SeleniumLibrary">
<arg>id=${field_id}</arg>
<arg>5s</arg>
<doc>Waits until the element ``locator`` is visible.</doc>
<status status="PASS" start="2026-02-16T15:06:46.360221" elapsed="0.026685"/>
</kw>
<kw name="Get Element Attribute" owner="SeleniumLibrary">
<msg time="2026-02-16T15:06:46.407818" level="INFO">${invalid} = true</msg>
<var>${invalid}</var>
<arg>id=${field_id}</arg>
<arg>aria-invalid</arg>
<doc>Returns the value of ``attribute`` from the element ``locator``.</doc>
<status status="PASS" start="2026-02-16T15:06:46.387266" elapsed="0.020643"/>
</kw>
<kw name="Should Be Equal" owner="BuiltIn">
<arg>${invalid}</arg>
<arg>true</arg>
<doc>Fails if the given objects are unequal.</doc>
<status status="PASS" start="2026-02-16T15:06:46.408253" elapsed="0.001147"/>
</kw>
<arg>input_comp-lt33fcq41</arg>
<status status="PASS" start="2026-02-16T15:06:46.359631" elapsed="0.050071"/>
</kw>
<kw name="Close All Browsers" owner="SeleniumLibrary" type="TEARDOWN">
<doc>Closes all open browsers and resets the browser cache.</doc>
<status status="PASS" start="2026-02-16T15:06:46.410747" elapsed="2.564483"/>
</kw>
<status status="PASS" start="2026-02-16T15:06:40.602414" elapsed="8.375565"/>
</test>
<test id="s1-t3" name="Verify registration form with single fault lastname" line="50">
<kw name="Open Web Browser" owner="common_keywords">
<kw name="Open Browser" owner="SeleniumLibrary">
<msg time="2026-02-16T15:06:48.984412" level="INFO">Opening browser 'chrome' to base url 'https://panaryco.wixsite.com/myhotel?utm_source=chatgpt.com'.</msg>
<arg>${WEB_URL}</arg>
<arg>${WEB_BROWSER}</arg>
<doc>Opens a new browser instance to the optional ``url``.</doc>
<status status="PASS" start="2026-02-16T15:06:48.983607" elapsed="1.975103"/>
</kw>
<kw name="Maximize Browser Window" owner="SeleniumLibrary">
<doc>Maximizes current browser window.</doc>
<status status="PASS" start="2026-02-16T15:06:50.958917" elapsed="0.037179"/>
</kw>
<kw name="Sleep" owner="BuiltIn">
<msg time="2026-02-16T15:06:52.997381" level="INFO">Slept 2 seconds.</msg>
<arg>${OPEN_BROWSER_SLEEP}</arg>
<doc>Pauses the test executed for the given time.</doc>
<status status="PASS" start="2026-02-16T15:06:50.996433" elapsed="2.001159"/>
</kw>
<status status="PASS" start="2026-02-16T15:06:48.982436" elapsed="4.015373"/>
</kw>
<kw name="Scroll Down To Bottom" owner="common_keywords">
<kw name="Execute Javascript" owner="SeleniumLibrary">
<msg time="2026-02-16T15:06:52.999621" level="INFO">Executing JavaScript:
window.scrollTo(0, document.body.scrollHeight)
Without any arguments.</msg>
<arg>window.scrollTo(0, document.body.scrollHeight)</arg>
<doc>Executes the given JavaScript code with possible arguments.</doc>
<status status="PASS" start="2026-02-16T15:06:52.998919" elapsed="0.008884"/>
</kw>
<status status="PASS" start="2026-02-16T15:06:52.998383" elapsed="0.009654"/>
</kw>
<kw name="Input Valid Firstname" owner="common_keywords">
<kw name="Input Text" owner="SeleniumLibrary">
<msg time="2026-02-16T15:06:53.009650" level="INFO">Typing text 'First' into text field '//*[@id='input_comp-lt33fcq41']'.</msg>
<arg>//*[@id='input_comp-lt33fcq41']</arg>
<arg>${FIRSTNAME}</arg>
<doc>Types the given ``text`` into the text field identified by ``locator``.</doc>
<status status="PASS" start="2026-02-16T15:06:53.009168" elapsed="0.144430"/>
</kw>
<status status="PASS" start="2026-02-16T15:06:53.008622" elapsed="0.145223"/>
</kw>
<kw name="Verify Text Field Value" owner="common_keywords">
<kw name="Textfield Value Should Be" owner="SeleniumLibrary">
<msg time="2026-02-16T15:06:53.191365" level="INFO">Content of text field 'id=input_comp-lt33fcq41' is 'First'.</msg>
<arg>id=${field_id}</arg>
<arg>${expected_value}</arg>
<doc>Verifies text field ``locator`` has exactly text ``expected``.</doc>
<status status="PASS" start="2026-02-16T15:06:53.155127" elapsed="0.036422"/>
</kw>
<arg>input_comp-lt33fcq41</arg>
<arg>${FIRSTNAME}</arg>
<status status="PASS" start="2026-02-16T15:06:53.154422" elapsed="0.037320"/>
</kw>
<kw name="Input Invalid Lastname" owner="invalid_keywords">
<kw name="Input Text" owner="SeleniumLibrary">
<msg time="2026-02-16T15:06:53.193448" level="INFO">Typing text '' into text field '//*[@id='input_comp-lt33fcs1']'.</msg>
<arg>//*[@id='input_comp-lt33fcs1']</arg>
<arg>${INVALID_LASTNAME}</arg>
<doc>Types the given ``text`` into the text field identified by ``locator``.</doc>
<status status="PASS" start="2026-02-16T15:06:53.193018" elapsed="0.146390"/>
</kw>
<status status="PASS" start="2026-02-16T15:06:53.192433" elapsed="0.147245"/>
</kw>
<kw name="Verify Text Field Value" owner="common_keywords">
<kw name="Textfield Value Should Be" owner="SeleniumLibrary">
<msg time="2026-02-16T15:06:53.383120" level="INFO">Content of text field 'id=input_comp-lt33fcs1' is ''.</msg>
<arg>id=${field_id}</arg>
<arg>${expected_value}</arg>
<doc>Verifies text field ``locator`` has exactly text ``expected``.</doc>
<status status="PASS" start="2026-02-16T15:06:53.341642" elapsed="0.041688"/>
</kw>
<arg>input_comp-lt33fcs1</arg>
<arg>${INVALID_LASTNAME}</arg>
<status status="PASS" start="2026-02-16T15:06:53.340597" elapsed="0.042933"/>
</kw>
<kw name="Input Valid Phone Number" owner="common_keywords">
<kw name="Input Text" owner="SeleniumLibrary">
<msg time="2026-02-16T15:06:53.385270" level="INFO">Typing text '0123456789' into text field '//*[@id='input_comp-lt33fcsi1']'.</msg>
<arg>//*[@id='input_comp-lt33fcsi1']</arg>
<arg>${PHONE_NUMBER}</arg>
<doc>Types the given ``text`` into the text field identified by ``locator``.</doc>
<status status="PASS" start="2026-02-16T15:06:53.384766" elapsed="0.236534"/>
</kw>
<status status="PASS" start="2026-02-16T15:06:53.384178" elapsed="0.237355"/>
</kw>
<kw name="Verify Text Field Value" owner="common_keywords">
<kw name="Textfield Value Should Be" owner="SeleniumLibrary">
<msg time="2026-02-16T15:06:53.668421" level="INFO">Content of text field 'id=input_comp-lt33fcsi1' is '0123456789'.</msg>
<arg>id=${field_id}</arg>
<arg>${expected_value}</arg>
<doc>Verifies text field ``locator`` has exactly text ``expected``.</doc>
<status status="PASS" start="2026-02-16T15:06:53.623053" elapsed="0.045770"/>
</kw>
<arg>input_comp-lt33fcsi1</arg>
<arg>${PHONE_NUMBER}</arg>
<status status="PASS" start="2026-02-16T15:06:53.622242" elapsed="0.046846"/>
</kw>
<kw name="Input Valid Email Address" owner="common_keywords">
<kw name="Input Text" owner="SeleniumLibrary">
<msg time="2026-02-16T15:06:53.670763" level="INFO">Typing text 'FirstLast@gmail.com' into text field '//*[@id='input_comp-lt33fcsf1']'.</msg>
<arg>//*[@id='input_comp-lt33fcsf1']</arg>
<arg>${EMAIL_ADDRESS}</arg>
<doc>Types the given ``text`` into the text field identified by ``locator``.</doc>
<status status="PASS" start="2026-02-16T15:06:53.670303" elapsed="0.136143"/>
</kw>
<status status="PASS" start="2026-02-16T15:06:53.669719" elapsed="0.137002"/>
</kw>
<kw name="Verify Text Field Value" owner="common_keywords">
<kw name="Textfield Value Should Be" owner="SeleniumLibrary">
<msg time="2026-02-16T15:06:53.844486" level="INFO">Content of text field 'id=input_comp-lt33fcsf1' is 'FirstLast@gmail.com'.</msg>
<arg>id=${field_id}</arg>
<arg>${expected_value}</arg>
<doc>Verifies text field ``locator`` has exactly text ``expected``.</doc>
<status status="PASS" start="2026-02-16T15:06:53.808255" elapsed="0.036417"/>
</kw>
<arg>input_comp-lt33fcsf1</arg>
<arg>${EMAIL_ADDRESS}</arg>
<status status="PASS" start="2026-02-16T15:06:53.807478" elapsed="0.037429"/>
</kw>
<kw name="Select Number of Adults" owner="common_keywords">
<kw name="Click Element" owner="SeleniumLibrary">
<msg time="2026-02-16T15:06:53.846550" level="INFO">Clicking element '//*[@class='RJZaGO']'.</msg>
<arg>//*[@class='RJZaGO']</arg>
<doc>Click the element identified by ``locator``.</doc>
<status status="PASS" start="2026-02-16T15:06:53.846155" elapsed="0.098668"/>
</kw>
<kw name="Wait Until Element Is Visible" owner="SeleniumLibrary">
<arg>//*[@class = 'P6sHUt' and contains(text(), '3')]</arg>
<doc>Waits until the element ``locator`` is visible.</doc>
<status status="PASS" start="2026-02-16T15:06:53.945205" elapsed="0.026309"/>
</kw>
<kw name="Click Element" owner="SeleniumLibrary">
<msg time="2026-02-16T15:06:53.972321" level="INFO">Clicking element '//*[@class = 'P6sHUt' and contains(text(), '3')]'.</msg>
<arg>//*[@class = 'P6sHUt' and contains(text(), '3')]</arg>
<doc>Click the element identified by ``locator``.</doc>
<status status="PASS" start="2026-02-16T15:06:53.971897" elapsed="0.097237"/>
</kw>
<status status="PASS" start="2026-02-16T15:06:53.845570" elapsed="0.223848"/>
</kw>
<kw name="Select Pet Choice" owner="common_keywords">
<kw name="Click Element" owner="SeleniumLibrary">
<msg time="2026-02-16T15:06:54.071674" level="INFO">Clicking element 'xpath=//*[text()='Yes']'.</msg>
<arg>xpath=//*[text()='${PET_CHOICE}']</arg>
<doc>Click the element identified by ``locator``.</doc>
<status status="PASS" start="2026-02-16T15:06:54.070989" elapsed="0.089836"/>
</kw>
<status status="PASS" start="2026-02-16T15:06:54.070248" elapsed="0.090796"/>
</kw>
<kw name="Input Note" owner="common_keywords">
<kw name="Input Text" owner="SeleniumLibrary">
<msg time="2026-02-16T15:06:54.162669" level="INFO">Typing text 'Note' into text field '//*[@id='input_comp-lt33fct3']'.</msg>
<arg>//*[@id='input_comp-lt33fct3']</arg>
<arg>${NOTE}</arg>
<doc>Types the given ``text`` into the text field identified by ``locator``.</doc>
<status status="PASS" start="2026-02-16T15:06:54.162203" elapsed="0.149714"/>
</kw>
<status status="PASS" start="2026-02-16T15:06:54.161650" elapsed="0.150526"/>
</kw>
<kw name="Verify Text Field Value" owner="common_keywords">
<kw name="Textfield Value Should Be" owner="SeleniumLibrary">
<msg time="2026-02-16T15:06:54.358116" level="INFO">Content of text field 'id=input_comp-lt33fct3' is 'Note'.</msg>
<arg>id=${field_id}</arg>
<arg>${expected_value}</arg>
<doc>Verifies text field ``locator`` has exactly text ``expected``.</doc>
<status status="PASS" start="2026-02-16T15:06:54.313604" elapsed="0.044688"/>
</kw>
<arg>input_comp-lt33fct3</arg>
<arg>${NOTE}</arg>
<status status="PASS" start="2026-02-16T15:06:54.312758" elapsed="0.045722"/>
</kw>
<kw name="Agree Terms And Conditions" owner="common_keywords">
<kw name="Click Element" owner="SeleniumLibrary">
<msg time="2026-02-16T15:06:54.360012" level="INFO">Clicking element 'xpath=//*[text()='I accept terms &amp; conditions']'.</msg>
<arg>xpath=//*[text()='I accept terms &amp; conditions']</arg>
<doc>Click the element identified by ``locator``.</doc>
<status status="PASS" start="2026-02-16T15:06:54.359680" elapsed="0.082696"/>
</kw>
<status status="PASS" start="2026-02-16T15:06:54.359137" elapsed="0.083477"/>
</kw>
<kw name="Submit Button" owner="common_keywords">
<kw name="Click Element" owner="SeleniumLibrary">
<msg time="2026-02-16T15:06:54.444244" level="INFO">Clicking element 'xpath=//*[text()='Submit']'.</msg>
<arg>xpath=//*[text()='Submit']</arg>
<doc>Click the element identified by ``locator``.</doc>
<status status="PASS" start="2026-02-16T15:06:54.443847" elapsed="0.103567"/>
</kw>
<status status="PASS" start="2026-02-16T15:06:54.443273" elapsed="0.104620"/>
</kw>
<kw name="Verify Field Is Invalid" owner="invalid_keywords">
<kw name="Wait Until Element Is Visible" owner="SeleniumLibrary">
<arg>id=${field_id}</arg>
<arg>5s</arg>
<doc>Waits until the element ``locator`` is visible.</doc>
<status status="PASS" start="2026-02-16T15:06:54.551016" elapsed="0.028429"/>
</kw>
<kw name="Get Element Attribute" owner="SeleniumLibrary">
<msg time="2026-02-16T15:06:54.600237" level="INFO">${invalid} = true</msg>
<var>${invalid}</var>
<arg>id=${field_id}</arg>
<arg>aria-invalid</arg>
<doc>Returns the value of ``attribute`` from the element ``locator``.</doc>
<status status="PASS" start="2026-02-16T15:06:54.579831" elapsed="0.020499"/>
</kw>
<kw name="Should Be Equal" owner="BuiltIn">
<arg>${invalid}</arg>
<arg>true</arg>
<doc>Fails if the given objects are unequal.</doc>
<status status="PASS" start="2026-02-16T15:06:54.600671" elapsed="0.000863"/>
</kw>
<arg>input_comp-lt33fcs1</arg>
<status status="PASS" start="2026-02-16T15:06:54.550055" elapsed="0.052000"/>
</kw>
<kw name="Close All Browsers" owner="SeleniumLibrary" type="TEARDOWN">
<doc>Closes all open browsers and resets the browser cache.</doc>
<status status="PASS" start="2026-02-16T15:06:54.603072" elapsed="2.552164"/>
</kw>
<status status="PASS" start="2026-02-16T15:06:48.980510" elapsed="8.175920"/>
</test>
<test id="s1-t4" name="Verify registration form with single fault phone number" line="71">
<kw name="Open Web Browser" owner="common_keywords">
<kw name="Open Browser" owner="SeleniumLibrary">
<msg time="2026-02-16T15:06:57.164101" level="INFO">Opening browser 'chrome' to base url 'https://panaryco.wixsite.com/myhotel?utm_source=chatgpt.com'.</msg>
<arg>${WEB_URL}</arg>
<arg>${WEB_BROWSER}</arg>
<doc>Opens a new browser instance to the optional ``url``.</doc>
<status status="PASS" start="2026-02-16T15:06:57.163086" elapsed="8.403133"/>
</kw>
<kw name="Maximize Browser Window" owner="SeleniumLibrary">
<doc>Maximizes current browser window.</doc>
<status status="PASS" start="2026-02-16T15:07:05.566741" elapsed="0.039836"/>
</kw>
<kw name="Sleep" owner="BuiltIn">
<msg time="2026-02-16T15:07:07.609360" level="INFO">Slept 2 seconds.</msg>
<arg>${OPEN_BROWSER_SLEEP}</arg>
<doc>Pauses the test executed for the given time.</doc>
<status status="PASS" start="2026-02-16T15:07:05.606915" elapsed="2.003463"/>
</kw>
<status status="PASS" start="2026-02-16T15:06:57.161770" elapsed="10.449893"/>
</kw>
<kw name="Scroll Down To Bottom" owner="common_keywords">
<kw name="Execute Javascript" owner="SeleniumLibrary">
<msg time="2026-02-16T15:07:07.620554" level="INFO">Executing JavaScript:
window.scrollTo(0, document.body.scrollHeight)
Without any arguments.</msg>
<arg>window.scrollTo(0, document.body.scrollHeight)</arg>
<doc>Executes the given JavaScript code with possible arguments.</doc>
<status status="PASS" start="2026-02-16T15:07:07.618201" elapsed="0.032352"/>
</kw>
<status status="PASS" start="2026-02-16T15:07:07.616189" elapsed="0.035013"/>
</kw>
<kw name="Input Valid Firstname" owner="common_keywords">
<kw name="Input Text" owner="SeleniumLibrary">
<msg time="2026-02-16T15:07:07.702526" level="INFO">Typing text 'First' into text field '//*[@id='input_comp-lt33fcq41']'.</msg>
<arg>//*[@id='input_comp-lt33fcq41']</arg>
<arg>${FIRSTNAME}</arg>
<doc>Types the given ``text`` into the text field identified by ``locator``.</doc>
<status status="PASS" start="2026-02-16T15:07:07.656823" elapsed="0.252124"/>
</kw>
<status status="PASS" start="2026-02-16T15:07:07.654722" elapsed="0.254463"/>
</kw>
<kw name="Verify Text Field Value" owner="common_keywords">
<kw name="Textfield Value Should Be" owner="SeleniumLibrary">
<msg time="2026-02-16T15:07:07.960472" level="INFO">Content of text field 'id=input_comp-lt33fcq41' is 'First'.</msg>
<arg>id=${field_id}</arg>
<arg>${expected_value}</arg>
<doc>Verifies text field ``locator`` has exactly text ``expected``.</doc>
<status status="PASS" start="2026-02-16T15:07:07.910441" elapsed="0.050206"/>
</kw>
<arg>input_comp-lt33fcq41</arg>
<arg>${FIRSTNAME}</arg>
<status status="PASS" start="2026-02-16T15:07:07.909755" elapsed="0.051074"/>
</kw>
<kw name="Input Valid Lastname" owner="common_keywords">
<kw name="Input Text" owner="SeleniumLibrary">
<msg time="2026-02-16T15:07:07.962339" level="INFO">Typing text 'Last' into text field '//*[@id="input_comp-lt33fcs1"]'.</msg>
<arg>//*[@id="input_comp-lt33fcs1"]</arg>
<arg>${LASTNAME}</arg>
<doc>Types the given ``text`` into the text field identified by ``locator``.</doc>
<status status="PASS" start="2026-02-16T15:07:07.961931" elapsed="0.155412"/>
</kw>
<status status="PASS" start="2026-02-16T15:07:07.961423" elapsed="0.156150"/>
</kw>
<kw name="Verify Text Field Value" owner="common_keywords">
<kw name="Textfield Value Should Be" owner="SeleniumLibrary">
<msg time="2026-02-16T15:07:08.155563" level="INFO">Content of text field 'id=input_comp-lt33fcs1' is 'Last'.</msg>
<arg>id=${field_id}</arg>
<arg>${expected_value}</arg>
<doc>Verifies text field ``locator`` has exactly text ``expected``.</doc>
<status status="PASS" start="2026-02-16T15:07:08.119275" elapsed="0.036459"/>
</kw>
<arg>input_comp-lt33fcs1</arg>
<arg>${LASTNAME}</arg>
<status status="PASS" start="2026-02-16T15:07:08.118607" elapsed="0.037320"/>
</kw>
<kw name="Input Invalid Phone Number" owner="invalid_keywords">
<kw name="Input Text" owner="SeleniumLibrary">
<msg time="2026-02-16T15:07:08.157510" level="INFO">Typing text '' into text field '//*[@id='input_comp-lt33fcsi1']'.</msg>
<arg>//*[@id='input_comp-lt33fcsi1']</arg>
<arg>${INVALID_PHONE_NUMBER}</arg>
<doc>Types the given ``text`` into the text field identified by ``locator``.</doc>
<status status="PASS" start="2026-02-16T15:07:08.157086" elapsed="0.097874"/>
</kw>
<status status="PASS" start="2026-02-16T15:07:08.156546" elapsed="0.098663"/>
</kw>
<kw name="Verify Text Field Value" owner="common_keywords">
<kw name="Textfield Value Should Be" owner="SeleniumLibrary">
<msg time="2026-02-16T15:07:08.292108" level="INFO">Content of text field 'id=input_comp-lt33fcsi1' is ''.</msg>
<arg>id=${field_id}</arg>
<arg>${expected_value}</arg>
<doc>Verifies text field ``locator`` has exactly text ``expected``.</doc>
<status status="PASS" start="2026-02-16T15:07:08.256672" elapsed="0.035605"/>
</kw>
<arg>input_comp-lt33fcsi1</arg>
<arg>${INVALID_PHONE_NUMBER}</arg>
<status status="PASS" start="2026-02-16T15:07:08.255874" elapsed="0.036611"/>
</kw>
<kw name="Input Valid Email Address" owner="common_keywords">
<kw name="Input Text" owner="SeleniumLibrary">
<msg time="2026-02-16T15:07:08.294098" level="INFO">Typing text 'FirstLast@gmail.com' into text field '//*[@id='input_comp-lt33fcsf1']'.</msg>
<arg>//*[@id='input_comp-lt33fcsf1']</arg>
<arg>${EMAIL_ADDRESS}</arg>
<doc>Types the given ``text`` into the text field identified by ``locator``.</doc>
<status status="PASS" start="2026-02-16T15:07:08.293667" elapsed="0.143570"/>
</kw>
<status status="PASS" start="2026-02-16T15:07:08.293140" elapsed="0.144325"/>
</kw>
<kw name="Verify Text Field Value" owner="common_keywords">
<kw name="Textfield Value Should Be" owner="SeleniumLibrary">
<msg time="2026-02-16T15:07:08.477030" level="INFO">Content of text field 'id=input_comp-lt33fcsf1' is 'FirstLast@gmail.com'.</msg>
<arg>id=${field_id}</arg>
<arg>${expected_value}</arg>
<doc>Verifies text field ``locator`` has exactly text ``expected``.</doc>
<status status="PASS" start="2026-02-16T15:07:08.439060" elapsed="0.038165"/>
</kw>
<arg>input_comp-lt33fcsf1</arg>
<arg>${EMAIL_ADDRESS}</arg>
<status status="PASS" start="2026-02-16T15:07:08.438333" elapsed="0.039087"/>
</kw>
<kw name="Select Number of Adults" owner="common_keywords">
<kw name="Click Element" owner="SeleniumLibrary">
<msg time="2026-02-16T15:07:08.479105" level="INFO">Clicking element '//*[@class='RJZaGO']'.</msg>
<arg>//*[@class='RJZaGO']</arg>
<doc>Click the element identified by ``locator``.</doc>
<status status="PASS" start="2026-02-16T15:07:08.478736" elapsed="0.123949"/>
</kw>
<kw name="Wait Until Element Is Visible" owner="SeleniumLibrary">
<arg>//*[@class = 'P6sHUt' and contains(text(), '3')]</arg>
<doc>Waits until the element ``locator`` is visible.</doc>
<status status="PASS" start="2026-02-16T15:07:08.603037" elapsed="0.049234"/>
</kw>
<kw name="Click Element" owner="SeleniumLibrary">
<msg time="2026-02-16T15:07:08.652975" level="INFO">Clicking element '//*[@class = 'P6sHUt' and contains(text(), '3')]'.</msg>
<arg>//*[@class = 'P6sHUt' and contains(text(), '3')]</arg>
<doc>Click the element identified by ``locator``.</doc>
<status status="PASS" start="2026-02-16T15:07:08.652610" elapsed="0.086654"/>
</kw>
<status status="PASS" start="2026-02-16T15:07:08.478170" elapsed="0.261327"/>
</kw>
<kw name="Select Pet Choice" owner="common_keywords">
<kw name="Click Element" owner="SeleniumLibrary">
<msg time="2026-02-16T15:07:08.742389" level="INFO">Clicking element 'xpath=//*[text()='Yes']'.</msg>
<arg>xpath=//*[text()='${PET_CHOICE}']</arg>
<doc>Click the element identified by ``locator``.</doc>
<status status="PASS" start="2026-02-16T15:07:08.741786" elapsed="0.106513"/>
</kw>
<status status="PASS" start="2026-02-16T15:07:08.740632" elapsed="0.107906"/>
</kw>
<kw name="Input Note" owner="common_keywords">
<kw name="Input Text" owner="SeleniumLibrary">
<msg time="2026-02-16T15:07:08.853767" level="INFO">Typing text 'Note' into text field '//*[@id='input_comp-lt33fct3']'.</msg>
<arg>//*[@id='input_comp-lt33fct3']</arg>
<arg>${NOTE}</arg>
<doc>Types the given ``text`` into the text field identified by ``locator``.</doc>
<status status="PASS" start="2026-02-16T15:07:08.853274" elapsed="0.141554"/>
</kw>
<status status="PASS" start="2026-02-16T15:07:08.852632" elapsed="0.142475"/>
</kw>
<kw name="Verify Text Field Value" owner="common_keywords">
<kw name="Textfield Value Should Be" owner="SeleniumLibrary">
<msg time="2026-02-16T15:07:09.034806" level="INFO">Content of text field 'id=input_comp-lt33fct3' is 'Note'.</msg>
<arg>id=${field_id}</arg>
<arg>${expected_value}</arg>
<doc>Verifies text field ``locator`` has exactly text ``expected``.</doc>
<status status="PASS" start="2026-02-16T15:07:08.996792" elapsed="0.038196"/>
</kw>
<arg>input_comp-lt33fct3</arg>
<arg>${NOTE}</arg>
<status status="PASS" start="2026-02-16T15:07:08.996021" elapsed="0.039168"/>
</kw>
<kw name="Agree Terms And Conditions" owner="common_keywords">
<kw name="Click Element" owner="SeleniumLibrary">
<msg time="2026-02-16T15:07:09.036841" level="INFO">Clicking element 'xpath=//*[text()='I accept terms &amp; conditions']'.</msg>
<arg>xpath=//*[text()='I accept terms &amp; conditions']</arg>
<doc>Click the element identified by ``locator``.</doc>
<status status="PASS" start="2026-02-16T15:07:09.036442" elapsed="0.111001"/>
</kw>
<status status="PASS" start="2026-02-16T15:07:09.035848" elapsed="0.111819"/>
</kw>
<kw name="Submit Button" owner="common_keywords">
<kw name="Click Element" owner="SeleniumLibrary">
<msg time="2026-02-16T15:07:09.149559" level="INFO">Clicking element 'xpath=//*[text()='Submit']'.</msg>
<arg>xpath=//*[text()='Submit']</arg>
<doc>Click the element identified by ``locator``.</doc>
<status status="PASS" start="2026-02-16T15:07:09.149198" elapsed="0.091079"/>
</kw>
<status status="PASS" start="2026-02-16T15:07:09.148609" elapsed="0.091892"/>
</kw>
<kw name="Verify Field Is Invalid" owner="invalid_keywords">
<kw name="Wait Until Element Is Visible" owner="SeleniumLibrary">
<arg>id=${field_id}</arg>
<arg>5s</arg>
<doc>Waits until the element ``locator`` is visible.</doc>
<status status="PASS" start="2026-02-16T15:07:09.241960" elapsed="0.030209"/>
</kw>
<kw name="Get Element Attribute" owner="SeleniumLibrary">
<msg time="2026-02-16T15:07:09.298803" level="INFO">${invalid} = true</msg>
<var>${invalid}</var>
<arg>id=${field_id}</arg>
<arg>aria-invalid</arg>
<doc>Returns the value of ``attribute`` from the element ``locator``.</doc>
<status status="PASS" start="2026-02-16T15:07:09.272527" elapsed="0.026370"/>
</kw>
<kw name="Should Be Equal" owner="BuiltIn">
<arg>${invalid}</arg>
<arg>true</arg>
<doc>Fails if the given objects are unequal.</doc>
<status status="PASS" start="2026-02-16T15:07:09.299216" elapsed="0.000682"/>
</kw>
<arg>input_comp-lt33fcsi1</arg>
<status status="PASS" start="2026-02-16T15:07:09.241199" elapsed="0.058867"/>
</kw>
<kw name="Close All Browsers" owner="SeleniumLibrary" type="TEARDOWN">
<doc>Closes all open browsers and resets the browser cache.</doc>
<status status="PASS" start="2026-02-16T15:07:09.301782" elapsed="2.642959"/>
</kw>
<status status="PASS" start="2026-02-16T15:06:57.159632" elapsed="14.785412"/>
</test>
<test id="s1-t5" name="Verify registration form with single fault email address" line="91">
<kw name="Open Web Browser" owner="common_keywords">
<kw name="Open Browser" owner="SeleniumLibrary">
<msg time="2026-02-16T15:07:11.946755" level="INFO">Opening browser 'chrome' to base url 'https://panaryco.wixsite.com/myhotel?utm_source=chatgpt.com'.</msg>
<arg>${WEB_URL}</arg>
<arg>${WEB_BROWSER}</arg>
<doc>Opens a new browser instance to the optional ``url``.</doc>
<status status="PASS" start="2026-02-16T15:07:11.946533" elapsed="1.970314"/>
</kw>
<kw name="Maximize Browser Window" owner="SeleniumLibrary">
<doc>Maximizes current browser window.</doc>
<status status="PASS" start="2026-02-16T15:07:13.917261" elapsed="0.038202"/>
</kw>
<kw name="Sleep" owner="BuiltIn">
<msg time="2026-02-16T15:07:15.957098" level="INFO">Slept 2 seconds.</msg>
<arg>${OPEN_BROWSER_SLEEP}</arg>
<doc>Pauses the test executed for the given time.</doc>
<status status="PASS" start="2026-02-16T15:07:13.955837" elapsed="2.001496"/>
</kw>
<status status="PASS" start="2026-02-16T15:07:11.946252" elapsed="4.011362"/>
</kw>
<kw name="Scroll Down To Bottom" owner="common_keywords">
<kw name="Execute Javascript" owner="SeleniumLibrary">
<msg time="2026-02-16T15:07:15.961562" level="INFO">Executing JavaScript:
window.scrollTo(0, document.body.scrollHeight)
Without any arguments.</msg>
<arg>window.scrollTo(0, document.body.scrollHeight)</arg>
<doc>Executes the given JavaScript code with possible arguments.</doc>
<status status="PASS" start="2026-02-16T15:07:15.960664" elapsed="0.009264"/>
</kw>
<status status="PASS" start="2026-02-16T15:07:15.959028" elapsed="0.011126"/>
</kw>
<kw name="Input Valid Firstname" owner="common_keywords">
<kw name="Input Text" owner="SeleniumLibrary">
<msg time="2026-02-16T15:07:15.971857" level="INFO">Typing text 'First' into text field '//*[@id='input_comp-lt33fcq41']'.</msg>
<arg>//*[@id='input_comp-lt33fcq41']</arg>
<arg>${FIRSTNAME}</arg>
<doc>Types the given ``text`` into the text field identified by ``locator``.</doc>
<status status="PASS" start="2026-02-16T15:07:15.971448" elapsed="0.161240"/>
</kw>
<status status="PASS" start="2026-02-16T15:07:15.970793" elapsed="0.162141"/>
</kw>
<kw name="Verify Text Field Value" owner="common_keywords">
<kw name="Textfield Value Should Be" owner="SeleniumLibrary">
<msg time="2026-02-16T15:07:16.172555" level="INFO">Content of text field 'id=input_comp-lt33fcq41' is 'First'.</msg>
<arg>id=${field_id}</arg>
<arg>${expected_value}</arg>
<doc>Verifies text field ``locator`` has exactly text ``expected``.</doc>
<status status="PASS" start="2026-02-16T15:07:16.134218" elapsed="0.038513"/>
</kw>
<arg>input_comp-lt33fcq41</arg>
<arg>${FIRSTNAME}</arg>
<status status="PASS" start="2026-02-16T15:07:16.133528" elapsed="0.039416"/>
</kw>
<kw name="Input Valid Lastname" owner="common_keywords">
<kw name="Input Text" owner="SeleniumLibrary">
<msg time="2026-02-16T15:07:16.174695" level="INFO">Typing text 'Last' into text field '//*[@id="input_comp-lt33fcs1"]'.</msg>
<arg>//*[@id="input_comp-lt33fcs1"]</arg>
<arg>${LASTNAME}</arg>
<doc>Types the given ``text`` into the text field identified by ``locator``.</doc>
<status status="PASS" start="2026-02-16T15:07:16.174219" elapsed="0.110407"/>
</kw>
<status status="PASS" start="2026-02-16T15:07:16.173623" elapsed="0.111221"/>
</kw>
<kw name="Verify Text Field Value" owner="common_keywords">
<kw name="Textfield Value Should Be" owner="SeleniumLibrary">
<msg time="2026-02-16T15:07:16.322082" level="INFO">Content of text field 'id=input_comp-lt33fcs1' is 'Last'.</msg>
<arg>id=${field_id}</arg>
<arg>${expected_value}</arg>
<doc>Verifies text field ``locator`` has exactly text ``expected``.</doc>
<status status="PASS" start="2026-02-16T15:07:16.286087" elapsed="0.036174"/>
</kw>
<arg>input_comp-lt33fcs1</arg>
<arg>${LASTNAME}</arg>
<status status="PASS" start="2026-02-16T15:07:16.285401" elapsed="0.037040"/>
</kw>
<kw name="Input Valid Phone Number" owner="common_keywords">
<kw name="Input Text" owner="SeleniumLibrary">
<msg time="2026-02-16T15:07:16.323999" level="INFO">Typing text '0123456789' into text field '//*[@id='input_comp-lt33fcsi1']'.</msg>
<arg>//*[@id='input_comp-lt33fcsi1']</arg>
<arg>${PHONE_NUMBER}</arg>
<doc>Types the given ``text`` into the text field identified by ``locator``.</doc>
<status status="PASS" start="2026-02-16T15:07:16.323570" elapsed="0.143411"/>
</kw>
<status status="PASS" start="2026-02-16T15:07:16.323007" elapsed="0.144199"/>
</kw>
<kw name="Verify Text Field Value" owner="common_keywords">
<kw name="Textfield Value Should Be" owner="SeleniumLibrary">
<msg time="2026-02-16T15:07:16.501244" level="INFO">Content of text field 'id=input_comp-lt33fcsi1' is '0123456789'.</msg>
<arg>id=${field_id}</arg>
<arg>${expected_value}</arg>
<doc>Verifies text field ``locator`` has exactly text ``expected``.</doc>
<status status="PASS" start="2026-02-16T15:07:16.468476" elapsed="0.032959"/>
</kw>
<arg>input_comp-lt33fcsi1</arg>
<arg>${PHONE_NUMBER}</arg>
<status status="PASS" start="2026-02-16T15:07:16.467784" elapsed="0.033861"/>
</kw>
<kw name="Input Invalid Email Address" owner="invalid_keywords">
<kw name="Input Text" owner="SeleniumLibrary">
<msg time="2026-02-16T15:07:16.503082" level="INFO">Typing text 'test@' into text field '//*[@id='input_comp-lt33fcsf1']'.</msg>
<arg>//*[@id='input_comp-lt33fcsf1']</arg>
<arg>${INVALID_EMAIL_ADDRESS}</arg>
<doc>Types the given ``text`` into the text field identified by ``locator``.</doc>
<status status="PASS" start="2026-02-16T15:07:16.502703" elapsed="0.103790"/>
</kw>
<status status="PASS" start="2026-02-16T15:07:16.502221" elapsed="0.104490"/>
</kw>
<kw name="Verify Text Field Value" owner="common_keywords">
<kw name="Textfield Value Should Be" owner="SeleniumLibrary">
<msg time="2026-02-16T15:07:16.644713" level="INFO">Content of text field 'id=input_comp-lt33fcsf1' is 'test@'.</msg>
<arg>id=${field_id}</arg>
<arg>${expected_value}</arg>
<doc>Verifies text field ``locator`` has exactly text ``expected``.</doc>
<status status="PASS" start="2026-02-16T15:07:16.608195" elapsed="0.036695"/>
</kw>
<arg>input_comp-lt33fcsf1</arg>
<arg>${INVALID_EMAIL_ADDRESS}</arg>
<status status="PASS" start="2026-02-16T15:07:16.607537" elapsed="0.037580"/>
</kw>
<kw name="Select Number of Adults" owner="common_keywords">
<kw name="Click Element" owner="SeleniumLibrary">
<msg time="2026-02-16T15:07:16.646862" level="INFO">Clicking element '//*[@class='RJZaGO']'.</msg>
<arg>//*[@class='RJZaGO']</arg>
<doc>Click the element identified by ``locator``.</doc>
<status status="PASS" start="2026-02-16T15:07:16.646486" elapsed="0.129655"/>
</kw>
<kw name="Wait Until Element Is Visible" owner="SeleniumLibrary">
<arg>//*[@class = 'P6sHUt' and contains(text(), '3')]</arg>
<doc>Waits until the element ``locator`` is visible.</doc>
<status status="PASS" start="2026-02-16T15:07:16.776491" elapsed="0.028633"/>
</kw>
<kw name="Click Element" owner="SeleniumLibrary">
<msg time="2026-02-16T15:07:16.805791" level="INFO">Clicking element '//*[@class = 'P6sHUt' and contains(text(), '3')]'.</msg>
<arg>//*[@class = 'P6sHUt' and contains(text(), '3')]</arg>
<doc>Click the element identified by ``locator``.</doc>
<status status="PASS" start="2026-02-16T15:07:16.805454" elapsed="0.080420"/>
</kw>
<status status="PASS" start="2026-02-16T15:07:16.645840" elapsed="0.240293"/>
</kw>
<kw name="Select Pet Choice" owner="common_keywords">
<kw name="Click Element" owner="SeleniumLibrary">
<msg time="2026-02-16T15:07:16.887959" level="INFO">Clicking element 'xpath=//*[text()='Yes']'.</msg>
<arg>xpath=//*[text()='${PET_CHOICE}']</arg>
<doc>Click the element identified by ``locator``.</doc>
<status status="PASS" start="2026-02-16T15:07:16.887362" elapsed="0.087525"/>
</kw>
<status status="PASS" start="2026-02-16T15:07:16.886770" elapsed="0.088320"/>
</kw>
<kw name="Input Note" owner="common_keywords">
<kw name="Input Text" owner="SeleniumLibrary">
<msg time="2026-02-16T15:07:16.976616" level="INFO">Typing text 'Note' into text field '//*[@id='input_comp-lt33fct3']'.</msg>
<arg>//*[@id='input_comp-lt33fct3']</arg>
<arg>${NOTE}</arg>
<doc>Types the given ``text`` into the text field identified by ``locator``.</doc>
<status status="PASS" start="2026-02-16T15:07:16.976193" elapsed="0.106959"/>
</kw>
<status status="PASS" start="2026-02-16T15:07:16.975662" elapsed="0.107716"/>
</kw>
<kw name="Verify Text Field Value" owner="common_keywords">
<kw name="Textfield Value Should Be" owner="SeleniumLibrary">
<msg time="2026-02-16T15:07:17.117972" level="INFO">Content of text field 'id=input_comp-lt33fct3' is 'Note'.</msg>
<arg>id=${field_id}</arg>
<arg>${expected_value}</arg>
<doc>Verifies text field ``locator`` has exactly text ``expected``.</doc>
<status status="PASS" start="2026-02-16T15:07:17.084706" elapsed="0.033485"/>
</kw>
<arg>input_comp-lt33fct3</arg>
<arg>${NOTE}</arg>
<status status="PASS" start="2026-02-16T15:07:17.083960" elapsed="0.034457"/>
</kw>
<kw name="Agree Terms And Conditions" owner="common_keywords">
<kw name="Click Element" owner="SeleniumLibrary">
<msg time="2026-02-16T15:07:17.120034" level="INFO">Clicking element 'xpath=//*[text()='I accept terms &amp; conditions']'.</msg>
<arg>xpath=//*[text()='I accept terms &amp; conditions']</arg>
<doc>Click the element identified by ``locator``.</doc>
<status status="PASS" start="2026-02-16T15:07:17.119682" elapsed="0.106720"/>
</kw>
<status status="PASS" start="2026-02-16T15:07:17.119111" elapsed="0.107528"/>
</kw>
<kw name="Submit Button" owner="common_keywords">
<kw name="Click Element" owner="SeleniumLibrary">
<msg time="2026-02-16T15:07:17.228071" level="INFO">Clicking element 'xpath=//*[text()='Submit']'.</msg>
<arg>xpath=//*[text()='Submit']</arg>
<doc>Click the element identified by ``locator``.</doc>
<status status="PASS" start="2026-02-16T15:07:17.227715" elapsed="0.090698"/>
</kw>
<status status="PASS" start="2026-02-16T15:07:17.227206" elapsed="0.091447"/>
</kw>
<kw name="Verify Field Is Invalid" owner="invalid_keywords">
<kw name="Wait Until Element Is Visible" owner="SeleniumLibrary">
<arg>id=${field_id}</arg>
<arg>5s</arg>
<doc>Waits until the element ``locator`` is visible.</doc>
<status status="PASS" start="2026-02-16T15:07:17.320065" elapsed="0.043893"/>
</kw>
<kw name="Get Element Attribute" owner="SeleniumLibrary">
<msg time="2026-02-16T15:07:17.398644" level="INFO">${invalid} = true</msg>
<var>${invalid}</var>
<arg>id=${field_id}</arg>
<arg>aria-invalid</arg>
<doc>Returns the value of ``attribute`` from the element ``locator``.</doc>
<status status="PASS" start="2026-02-16T15:07:17.364434" elapsed="0.034316"/>
</kw>
<kw name="Should Be Equal" owner="BuiltIn">
<arg>${invalid}</arg>
<arg>true</arg>
<doc>Fails if the given objects are unequal.</doc>
<status status="PASS" start="2026-02-16T15:07:17.399132" elapsed="0.000792"/>
</kw>
<arg>input_comp-lt33fcsf1</arg>
<status status="PASS" start="2026-02-16T15:07:17.319347" elapsed="0.080770"/>
</kw>
<kw name="Close All Browsers" owner="SeleniumLibrary" type="TEARDOWN">
<doc>Closes all open browsers and resets the browser cache.</doc>
<status status="PASS" start="2026-02-16T15:07:17.401417" elapsed="2.527547"/>
</kw>
<status status="PASS" start="2026-02-16T15:07:11.945723" elapsed="7.983621"/>
</test>
<test id="s1-t6" name="Verify registration form with single fault number of adults" line="110">
<kw name="Open Web Browser" owner="common_keywords">
<kw name="Open Browser" owner="SeleniumLibrary">
<msg time="2026-02-16T15:07:19.932715" level="INFO">Opening browser 'chrome' to base url 'https://panaryco.wixsite.com/myhotel?utm_source=chatgpt.com'.</msg>
<arg>${WEB_URL}</arg>
<arg>${WEB_BROWSER}</arg>
<doc>Opens a new browser instance to the optional ``url``.</doc>
<status status="PASS" start="2026-02-16T15:07:19.932349" elapsed="1.949367"/>
</kw>
<kw name="Maximize Browser Window" owner="SeleniumLibrary">
<doc>Maximizes current browser window.</doc>
<status status="PASS" start="2026-02-16T15:07:21.882006" elapsed="0.032162"/>
</kw>
<kw name="Sleep" owner="BuiltIn">
<msg time="2026-02-16T15:07:23.915756" level="INFO">Slept 2 seconds.</msg>
<arg>${OPEN_BROWSER_SLEEP}</arg>
<doc>Pauses the test executed for the given time.</doc>
<status status="PASS" start="2026-02-16T15:07:21.914497" elapsed="2.001488"/>
</kw>
<status status="PASS" start="2026-02-16T15:07:19.931859" elapsed="3.984592"/>
</kw>
<kw name="Scroll Down To Bottom" owner="common_keywords">
<kw name="Execute Javascript" owner="SeleniumLibrary">
<msg time="2026-02-16T15:07:23.918501" level="INFO">Executing JavaScript:
window.scrollTo(0, document.body.scrollHeight)
Without any arguments.</msg>
<arg>window.scrollTo(0, document.body.scrollHeight)</arg>
<doc>Executes the given JavaScript code with possible arguments.</doc>
<status status="PASS" start="2026-02-16T15:07:23.917764" elapsed="0.010468"/>
</kw>
<status status="PASS" start="2026-02-16T15:07:23.917115" elapsed="0.011382"/>
</kw>
<kw name="Input Valid Firstname" owner="common_keywords">
<kw name="Input Text" owner="SeleniumLibrary">
<msg time="2026-02-16T15:07:23.930631" level="INFO">Typing text 'First' into text field '//*[@id='input_comp-lt33fcq41']'.</msg>
<arg>//*[@id='input_comp-lt33fcq41']</arg>
<arg>${FIRSTNAME}</arg>
<doc>Types the given ``text`` into the text field identified by ``locator``.</doc>
<status status="PASS" start="2026-02-16T15:07:23.930111" elapsed="0.164678"/>
</kw>
<status status="PASS" start="2026-02-16T15:07:23.929326" elapsed="0.165716"/>
</kw>
<kw name="Verify Text Field Value" owner="common_keywords">
<kw name="Textfield Value Should Be" owner="SeleniumLibrary">
<msg time="2026-02-16T15:07:24.136467" level="INFO">Content of text field 'id=input_comp-lt33fcq41' is 'First'.</msg>
<arg>id=${field_id}</arg>
<arg>${expected_value}</arg>
<doc>Verifies text field ``locator`` has exactly text ``expected``.</doc>
<status status="PASS" start="2026-02-16T15:07:24.097727" elapsed="0.038915"/>
</kw>
<arg>input_comp-lt33fcq41</arg>
<arg>${FIRSTNAME}</arg>
<status status="PASS" start="2026-02-16T15:07:24.096979" elapsed="0.039852"/>
</kw>
<kw name="Input Valid Lastname" owner="common_keywords">
<kw name="Input Text" owner="SeleniumLibrary">
<msg time="2026-02-16T15:07:24.138436" level="INFO">Typing text 'Last' into text field '//*[@id="input_comp-lt33fcs1"]'.</msg>
<arg>//*[@id="input_comp-lt33fcs1"]</arg>
<arg>${LASTNAME}</arg>
<doc>Types the given ``text`` into the text field identified by ``locator``.</doc>
<status status="PASS" start="2026-02-16T15:07:24.138007" elapsed="0.103546"/>
</kw>
<status status="PASS" start="2026-02-16T15:07:24.137424" elapsed="0.104403"/>
</kw>
<kw name="Verify Text Field Value" owner="common_keywords">
<kw name="Textfield Value Should Be" owner="SeleniumLibrary">
<msg time="2026-02-16T15:07:24.291930" level="INFO">Content of text field 'id=input_comp-lt33fcs1' is 'Last'.</msg>
<arg>id=${field_id}</arg>
<arg>${expected_value}</arg>
<doc>Verifies text field ``locator`` has exactly text ``expected``.</doc>
<status status="PASS" start="2026-02-16T15:07:24.243331" elapsed="0.048799"/>
</kw>
<arg>input_comp-lt33fcs1</arg>
<arg>${LASTNAME}</arg>
<status status="PASS" start="2026-02-16T15:07:24.242545" elapsed="0.049790"/>
</kw>
<kw name="Input Valid Phone Number" owner="common_keywords">
<kw name="Input Text" owner="SeleniumLibrary">
<msg time="2026-02-16T15:07:24.294083" level="INFO">Typing text '0123456789' into text field '//*[@id='input_comp-lt33fcsi1']'.</msg>
<arg>//*[@id='input_comp-lt33fcsi1']</arg>
<arg>${PHONE_NUMBER}</arg>
<doc>Types the given ``text`` into the text field identified by ``locator``.</doc>
<status status="PASS" start="2026-02-16T15:07:24.293564" elapsed="0.148852"/>
</kw>
<status status="PASS" start="2026-02-16T15:07:24.292980" elapsed="0.149673"/>
</kw>
<kw name="Verify Text Field Value" owner="common_keywords">
<kw name="Textfield Value Should Be" owner="SeleniumLibrary">
<msg time="2026-02-16T15:07:24.486715" level="INFO">Content of text field 'id=input_comp-lt33fcsi1' is '0123456789'.</msg>
<arg>id=${field_id}</arg>
<arg>${expected_value}</arg>
<doc>Verifies text field ``locator`` has exactly text ``expected``.</doc>
<status status="PASS" start="2026-02-16T15:07:24.444341" elapsed="0.042588"/>
</kw>
<arg>input_comp-lt33fcsi1</arg>
<arg>${PHONE_NUMBER}</arg>
<status status="PASS" start="2026-02-16T15:07:24.443575" elapsed="0.043557"/>
</kw>
<kw name="Input Valid Email Address" owner="common_keywords">
<kw name="Input Text" owner="SeleniumLibrary">
<msg time="2026-02-16T15:07:24.489107" level="INFO">Typing text 'FirstLast@gmail.com' into text field '//*[@id='input_comp-lt33fcsf1']'.</msg>
<arg>//*[@id='input_comp-lt33fcsf1']</arg>
<arg>${EMAIL_ADDRESS}</arg>
<doc>Types the given ``text`` into the text field identified by ``locator``.</doc>
<status status="PASS" start="2026-02-16T15:07:24.488553" elapsed="0.192421"/>
</kw>
<status status="PASS" start="2026-02-16T15:07:24.487863" elapsed="0.193351"/>
</kw>
<kw name="Verify Text Field Value" owner="common_keywords">
<kw name="Textfield Value Should Be" owner="SeleniumLibrary">
<msg time="2026-02-16T15:07:24.726231" level="INFO">Content of text field 'id=input_comp-lt33fcsf1' is 'FirstLast@gmail.com'.</msg>
<arg>id=${field_id}</arg>
<arg>${expected_value}</arg>
<doc>Verifies text field ``locator`` has exactly text ``expected``.</doc>
<status status="PASS" start="2026-02-16T15:07:24.684405" elapsed="0.042039"/>
</kw>
<arg>input_comp-lt33fcsf1</arg>
<arg>${EMAIL_ADDRESS}</arg>
<status status="PASS" start="2026-02-16T15:07:24.683437" elapsed="0.043279"/>
</kw>
<kw name="Select Invalid Number of Adults" owner="invalid_keywords">
<kw name="No Operation" owner="BuiltIn">
<doc>Does absolutely nothing.</doc>
<status status="PASS" start="2026-02-16T15:07:24.729054" elapsed="0.000559"/>
</kw>
<status status="PASS" start="2026-02-16T15:07:24.728441" elapsed="0.001349"/>
</kw>
<kw name="Select Pet Choice" owner="common_keywords">
<kw name="Click Element" owner="SeleniumLibrary">
<msg time="2026-02-16T15:07:24.733456" level="INFO">Clicking element 'xpath=//*[text()='Yes']'.</msg>
<arg>xpath=//*[text()='${PET_CHOICE}']</arg>
<doc>Click the element identified by ``locator``.</doc>
<status status="PASS" start="2026-02-16T15:07:24.731231" elapsed="0.099349"/>
</kw>
<status status="PASS" start="2026-02-16T15:07:24.730482" elapsed="0.100353"/>
</kw>
<kw name="Input Note" owner="common_keywords">
<kw name="Input Text" owner="SeleniumLibrary">
<msg time="2026-02-16T15:07:24.832951" level="INFO">Typing text 'Note' into text field '//*[@id='input_comp-lt33fct3']'.</msg>
<arg>//*[@id='input_comp-lt33fct3']</arg>
<arg>${NOTE}</arg>
<doc>Types the given ``text`` into the text field identified by ``locator``.</doc>
<status status="PASS" start="2026-02-16T15:07:24.832361" elapsed="0.113968"/>
</kw>
<status status="PASS" start="2026-02-16T15:07:24.831701" elapsed="0.114956"/>
</kw>
<kw name="Verify Text Field Value" owner="common_keywords">
<kw name="Textfield Value Should Be" owner="SeleniumLibrary">
<msg time="2026-02-16T15:07:24.984983" level="INFO">Content of text field 'id=input_comp-lt33fct3' is 'Note'.</msg>
<arg>id=${field_id}</arg>
<arg>${expected_value}</arg>
<doc>Verifies text field ``locator`` has exactly text ``expected``.</doc>
<status status="PASS" start="2026-02-16T15:07:24.948217" elapsed="0.036949"/>
</kw>
<arg>input_comp-lt33fct3</arg>
<arg>${NOTE}</arg>
<status status="PASS" start="2026-02-16T15:07:24.947278" elapsed="0.038084"/>
</kw>
<kw name="Agree Terms And Conditions" owner="common_keywords">
<kw name="Click Element" owner="SeleniumLibrary">
<msg time="2026-02-16T15:07:24.986833" level="INFO">Clicking element 'xpath=//*[text()='I accept terms &amp; conditions']'.</msg>
<arg>xpath=//*[text()='I accept terms &amp; conditions']</arg>
<doc>Click the element identified by ``locator``.</doc>
<status status="PASS" start="2026-02-16T15:07:24.986506" elapsed="0.088846"/>
</kw>
<status status="PASS" start="2026-02-16T15:07:24.985972" elapsed="0.089610"/>
</kw>
<kw name="Submit Button" owner="common_keywords">
<kw name="Click Element" owner="SeleniumLibrary">
<msg time="2026-02-16T15:07:25.077085" level="INFO">Clicking element 'xpath=//*[text()='Submit']'.</msg>
<arg>xpath=//*[text()='Submit']</arg>
<doc>Click the element identified by ``locator``.</doc>
<status status="PASS" start="2026-02-16T15:07:25.076746" elapsed="0.088755"/>
</kw>
<status status="PASS" start="2026-02-16T15:07:25.076188" elapsed="0.089849"/>
</kw>
<kw name="Verify Field Is Invalid" owner="invalid_keywords">
<kw name="Wait Until Element Is Visible" owner="SeleniumLibrary">
<arg>id=${field_id}</arg>
<arg>5s</arg>
<doc>Waits until the element ``locator`` is visible.</doc>
<status status="PASS" start="2026-02-16T15:07:25.167898" elapsed="0.035459"/>
</kw>
<kw name="Get Element Attribute" owner="SeleniumLibrary">
<msg time="2026-02-16T15:07:25.224848" level="INFO">${invalid} = true</msg>
<var>${invalid}</var>
<arg>id=${field_id}</arg>
<arg>aria-invalid</arg>
<doc>Returns the value of ``attribute`` from the element ``locator``.</doc>
<status status="PASS" start="2026-02-16T15:07:25.203728" elapsed="0.021213"/>
</kw>
<kw name="Should Be Equal" owner="BuiltIn">
<arg>${invalid}</arg>
<arg>true</arg>
<doc>Fails if the given objects are unequal.</doc>
<status status="PASS" start="2026-02-16T15:07:25.225258" elapsed="0.000793"/>
</kw>
<arg>collection_comp-lt33fcsl1</arg>
<status status="PASS" start="2026-02-16T15:07:25.167176" elapsed="0.059069"/>
</kw>
<kw name="Close All Browsers" owner="SeleniumLibrary" type="TEARDOWN">
<doc>Closes all open browsers and resets the browser cache.</doc>
<status status="PASS" start="2026-02-16T15:07:25.227140" elapsed="2.549464"/>
</kw>
<status status="PASS" start="2026-02-16T15:07:19.930984" elapsed="7.846527"/>
</test>
<status status="PASS" start="2026-02-16T15:06:31.691500" elapsed="56.090040"/>
</suite>
<statistics>
<total>
<stat pass="6" fail="0" skip="0">All Tests</stat>
</total>
<tag>
<stat pass="1" fail="0" skip="0">All Input</stat>
</tag>
<suite>
<stat name="Verify Registration Form" id="s1" pass="6" fail="0" skip="0">Verify Registration Form</stat>
</suite>
</statistics>
<errors>
</errors>
</robot>
